<!doctype html>
<html lang="en">
 <head> 
  <meta charset="utf-8"> 
  <meta http-equiv="X-UA-Compatible" content="IE=Edge"> 
  <meta name="application-name" content="JIRA" data-name="jira" data-version="7.6.3">
  <meta name="ajs-viewissue-use-history-api" content="false"> 
  <meta name="ajs-jira-base-url" content="https://issues.apache.org/jira"> 
  <meta name="ajs-serverRenderedViewIssue" content="true"> 
  <meta name="ajs-dev-mode" content="false"> 
  <meta name="ajs-context-path" content="/jira"> 
  <meta name="ajs-version-number" content="7.6.3"> 
  <meta name="ajs-build-number" content="76005"> 
  <meta name="ajs-is-beta" content="false"> 
  <meta name="ajs-is-rc" content="false"> 
  <meta name="ajs-is-snapshot" content="false"> 
  <meta name="ajs-is-milestone" content="false"> 
  <meta name="ajs-remote-user" content=""> 
  <meta name="ajs-remote-user-fullname" content=""> 
  <meta name="ajs-user-locale" content="en_UK"> 
  <meta name="ajs-user-locale-group-separator" content=","> 
  <meta name="ajs-app-title" content="ASF JIRA"> 
  <meta name="ajs-keyboard-shortcuts-enabled" content="true"> 
  <meta name="ajs-keyboard-accesskey-modifier" content="Ctrl+Alt"> 
  <meta name="ajs-enabled-dark-features" content="[&quot;com.atlassian.jira.agile.darkfeature.editable.detailsview&quot;,&quot;nps.survey.inline.dialog&quot;,&quot;com.atlassian.jira.agile.darkfeature.edit.closed.sprint.enabled&quot;,&quot;jira.plugin.devstatus.phasetwo&quot;,&quot;jira.frother.reporter.field&quot;,&quot;atlassian.rest.xsrf.legacy.enabled&quot;,&quot;jira.issue.status.lozenge&quot;,&quot;com.atlassian.jira.config.BIG_PIPE&quot;,&quot;com.atlassian.jira.projects.issuenavigator&quot;,&quot;com.atlassian.jira.config.PDL&quot;,&quot;jira.plugin.devstatus.phasetwo.enabled&quot;,&quot;atlassian.aui.raphael.disabled&quot;,&quot;app-switcher.new&quot;,&quot;frother.assignee.field&quot;,&quot;com.atlassian.jira.projects.ProjectCentricNavigation.Switch&quot;,&quot;sd.internal.base.off.thread.on.completion.events.enabled&quot;,&quot;jira.onboarding.cyoa&quot;,&quot;com.atlassian.jira.agile.darkfeature.kanplan.enabled&quot;,&quot;sd.slavalue.record.updated.date.enabled&quot;,&quot;com.atlassian.jira.config.ProjectConfig.MENU&quot;,&quot;com.atlassian.jira.projects.sidebar.DEFER_RESOURCES&quot;,&quot;com.atlassian.jira.agile.darkfeature.kanplan.epics.and.versions.enabled&quot;,&quot;com.atlassian.jira.agile.darkfeature.sprint.goal.enabled&quot;,&quot;jira.zdu.admin-updates-ui&quot;,&quot;jira.zdu.jmx-monitoring&quot;,&quot;sd.sla.improved.rendering.enabled&quot;,&quot;sd.canned.responses.enabled&quot;,&quot;sd.new.settings.sidebar.location.disabled&quot;,&quot;jira.zdu.cluster-upgrade-state&quot;,&quot;com.atlassian.jira.agile.darkfeature.splitissue&quot;,&quot;com.atlassian.jira.config.CoreFeatures.LICENSE_ROLES_ENABLED&quot;,&quot;com.atlassian.feedback.feedback-button-move-to-header-enable&quot;,&quot;jira.export.csv.enabled&quot;]"> 
  <meta name="ajs-in-admin-mode" content="false"> 
  <meta name="ajs-is-sysadmin" content="false"> 
  <meta name="ajs-is-admin" content="false"> 
  <meta name="ajs-outgoing-mail-enabled" content="true"> 
  <meta name="ajs-date-relativize" content="true"> 
  <meta name="ajs-date-time" content="HH:mm"> 
  <meta name="ajs-date-day" content="EEEE HH:mm"> 
  <meta name="ajs-date-dmy" content="dd/MMM/yy"> 
  <meta name="ajs-date-complete" content="dd/MMM/yy HH:mm"> 
  <script type="text/javascript">var AJS=AJS||{};AJS.debug=true;</script> 
  <meta id="atlassian-token" name="atlassian-token" content="A5KQ-2QAV-T4JA-FDED|64b835705dbd22db7ca6d23330c7bd0b1a42b663|lout"> 
  <link rel="shortcut icon" href="/jira/s/3pgavk/76005/1c78b578e5c0e813799ab2baea47b6f7/_/favicon.ico"> 
  <!--[if IE]><![endif]--> 
  <script type="text/javascript">
    (function() {
        var contextPath = '/jira';
        var eventBuffer = [];

        function printDeprecatedMsg() {
            if (console && console.warn) {
                console.warn('DEPRECATED JS - contextPath global variable has been deprecated since 7.4.0. Use `wrm/context-path` module instead.');
            }
        }

        function sendEvent(analytics, postfix) {
            analytics.send({
                name: 'js.globals.contextPath.' + postfix
            });
        }

        function sendDeprecatedEvent(postfix) {
            try {
                var analytics = require('jira/analytics');
                if (eventBuffer.length) {
                    eventBuffer.forEach(function(value) {
                        sendEvent(analytics, value);
                    });
                    eventBuffer = [];
                }

                if (postfix) {
                    sendEvent(analytics, postfix);
                }
            } catch(ex) {
                eventBuffer.push(postfix);
                setTimeout(sendDeprecatedEvent, 1000);
            }
        }

        Object.defineProperty(window, 'contextPath', {
            get: function() {
                printDeprecatedMsg();
                sendDeprecatedEvent('get');
                return contextPath;
            },
            set: function(value) {
                printDeprecatedMsg();
                sendDeprecatedEvent('set');
                contextPath = value;
            }
        });
    })();

</script> 
  <script>
window.WRM=window.WRM||{};window.WRM._unparsedData=window.WRM._unparsedData||{};window.WRM._unparsedErrors=window.WRM._unparsedErrors||{};
WRM._unparsedData["com.atlassian.plugins.atlassian-plugins-webresource-plugin:context-path.context-path"]="\"/jira\"";
WRM._unparsedData["jira.webresources:feature-flags.feature-flag-data"]="{\"enabled-feature-keys\":[\"com.atlassian.jira.agile.darkfeature.editable.detailsview\",\"nps.survey.inline.dialog\",\"com.atlassian.jira.agile.darkfeature.edit.closed.sprint.enabled\",\"jira.plugin.devstatus.phasetwo\",\"jira.frother.reporter.field\",\"atlassian.rest.xsrf.legacy.enabled\",\"jira.issue.status.lozenge\",\"com.atlassian.jira.config.BIG_PIPE\",\"com.atlassian.jira.projects.issuenavigator\",\"com.atlassian.jira.config.PDL\",\"jira.plugin.devstatus.phasetwo.enabled\",\"atlassian.aui.raphael.disabled\",\"app-switcher.new\",\"frother.assignee.field\",\"com.atlassian.jira.projects.ProjectCentricNavigation.Switch\",\"sd.internal.base.off.thread.on.completion.events.enabled\",\"jira.onboarding.cyoa\",\"com.atlassian.jira.agile.darkfeature.kanplan.enabled\",\"sd.slavalue.record.updated.date.enabled\",\"com.atlassian.jira.config.ProjectConfig.MENU\",\"com.atlassian.jira.projects.sidebar.DEFER_RESOURCES\",\"com.atlassian.jira.agile.darkfeature.kanplan.epics.and.versions.enabled\",\"com.atlassian.jira.agile.darkfeature.sprint.goal.enabled\",\"jira.zdu.admin-updates-ui\",\"jira.zdu.jmx-monitoring\",\"sd.sla.improved.rendering.enabled\",\"sd.canned.responses.enabled\",\"sd.new.settings.sidebar.location.disabled\",\"jira.zdu.cluster-upgrade-state\",\"com.atlassian.jira.agile.darkfeature.splitissue\",\"com.atlassian.jira.config.CoreFeatures.LICENSE_ROLES_ENABLED\",\"com.atlassian.feedback.feedback-button-move-to-header-enable\",\"jira.export.csv.enabled\"],\"feature-flag-states\":{\"com.atlassian.jira.agile.darkfeature.kanplan\":false,\"sd.internal.base.off.thread.on.completion.events\":false,\"jira.instrumentation.laas\":false,\"com.atlassian.jira.agile.darkfeature.edit.closed.sprint\":false,\"com.atlassian.jira.issuetable.draggable\":true,\"jira.create.linked.issue\":true,\"com.atlassian.jira.agile.darkfeature.sprint.goal\":false,\"jira.sal.host.connect.accessor.existing.transaction.will.create.transactions\":true,\"jira.jql.suggestrecentfields\":false,\"com.atlassian.jira.agile.darkfeature.kanplan.epics.and.versions\":false,\"jira.jql.smartautoselectfirst\":false,\"com.atlassian.jira.agile.darkfeature.optimistic.transitions\":true,\"com.atlassian.jira.issuetable.move.links.hidden\":true,\"jira.priorities.per.project\":true,\"com.atlassian.jira.upgrade.startup.fix.index\":true,\"jira.renderer.consider.variable.format\":true}}";
WRM._unparsedData["jira.webresources:default-comment-security-level.DefaultCommentSecurityLevelHelpLink"]="{\"extraClasses\":\"default-comment-level-help\",\"title\":\"Commenting on an Issue\",\"url\":\"https://docs.atlassian.com/jira/jcore-docs-076/Editing+and+collaborating+on+issues#Editingandcollaboratingonissues-restrictacomment\",\"isLocal\":false}";
WRM._unparsedData["jira.webresources:dateFormatProvider.allFormats"]="{\"dateFormats\":{\"meridiem\":[\"AM\",\"PM\"],\"eras\":[\"BC\",\"AD\"],\"months\":[\"January\",\"February\",\"March\",\"April\",\"May\",\"June\",\"July\",\"August\",\"September\",\"October\",\"November\",\"December\"],\"monthsShort\":[\"Jan\",\"Feb\",\"Mar\",\"Apr\",\"May\",\"Jun\",\"Jul\",\"Aug\",\"Sep\",\"Oct\",\"Nov\",\"Dec\"],\"weekdaysShort\":[\"Sun\",\"Mon\",\"Tue\",\"Wed\",\"Thu\",\"Fri\",\"Sat\"],\"weekdays\":[\"Sunday\",\"Monday\",\"Tuesday\",\"Wednesday\",\"Thursday\",\"Friday\",\"Saturday\"]},\"lookAndFeelFormats\":{\"relativize\":\"true\",\"time\":\"HH:mm\",\"day\":\"EEEE HH:mm\",\"dmy\":\"dd/MMM/yy\",\"complete\":\"dd/MMM/yy HH:mm\"}}";
WRM._unparsedData["com.atlassian.jira.jira-issue-nav-components:issueviewer.features"]="{\"rteEnabled\":true}";
WRM._unparsedData["com.atlassian.jira.plugins.jira-dnd-attachment-plugin:dnd-issue-drop-zone.thumbnail-mime-types"]="\"image/vnd.wap.wbmp,image/png,image/x-png,image/jpeg,image/bmp,image/gif\"";
WRM._unparsedData["com.atlassian.jira.plugins.jira-dnd-attachment-plugin:dnd-issue-drop-zone.upload-limit"]="\"62914560\"";
WRM._unparsedData["com.atlassian.plugins.helptips.jira-help-tips:help-tip-manager.JiraHelpTipData"]="{\"anonymous\":true}";
WRM._unparsedData["com.atlassian.jira.jira-view-issue-plugin:controller-subtasks.controller.subtasks.parameters"]="{\"url\":\"/rest/api/2/issue/{issueId}/subtask/move\"}";
WRM._unparsedData["com.atlassian.analytics.analytics-client:policy-update-init.policy-update-data-provider"]="false";
WRM._unparsedData["com.atlassian.analytics.analytics-client:programmatic-analytics-init.programmatic-analytics-data-provider"]="false";
WRM._unparsedData["jira.webresources:avatar-picker.data"]="{}";
WRM._unparsedData["com.atlassian.feedback.jira-feedback-plugin:button-resources-init.data"]="{\"jira.feedback.plugin.issue.collector.core\":\"https://jira.atlassian.com/s/576e9ab86257d4f65f6ea5b6dd50de44-T/en_UK3ljiw5/71006/b6b48b2829824b869586ac216d119363/2.0.11/_/download/batch/com.atlassian.jira.collector.plugin.jira-issue-collector-plugin:issuecollector-embededjs/com.atlassian.jira.collector.plugin.jira-issue-collector-plugin:issuecollector-embededjs.js?locale=en-UK&collectorId=abbf546d\",\"jira.feedback.plugin.issue.collector.default\":\"https://jira.atlassian.com/s/576e9ab86257d4f65f6ea5b6dd50de44-T/en_UK3ljiw5/71006/b6b48b2829824b869586ac216d119363/2.0.11/_/download/batch/com.atlassian.jira.collector.plugin.jira-issue-collector-plugin:issuecollector-embededjs/com.atlassian.jira.collector.plugin.jira-issue-collector-plugin:issuecollector-embededjs.js?locale=en-UK&collectorId=abbf546d\",\"jira.feedback.plugin.issue.collector.service.desk\":\"https://jira.atlassian.com/s/576e9ab86257d4f65f6ea5b6dd50de44-T/en_UK3ljiw5/71006/b6b48b2829824b869586ac216d119363/2.0.11/_/download/batch/com.atlassian.jira.collector.plugin.jira-issue-collector-plugin:issuecollector/com.atlassian.jira.collector.plugin.jira-issue-collector-plugin:issuecollector.js?locale=en-UK&collectorId=a698db21\",\"jira.feedback.plugin.issue.collector.software\":\"https://jira.atlassian.com/s/576e9ab86257d4f65f6ea5b6dd50de44-T/en_UK3ljiw5/71006/b6b48b2829824b869586ac216d119363/2.0.11/_/download/batch/com.atlassian.jira.collector.plugin.jira-issue-collector-plugin:issuecollector-embededjs/com.atlassian.jira.collector.plugin.jira-issue-collector-plugin:issuecollector-embededjs.js?locale=en-UK&collectorId=abbf546d\",\"isHeaderFeedbackButtonEnabled\":true}";
WRM._unparsedData["com.atlassian.jira.jira-header-plugin:dismissedFlags.flags"]="{\"dismissed\":[]}";
WRM._unparsedData["com.atlassian.jira.jira-header-plugin:newsletter-signup-tip-init.newsletterSignup"]="{\"signupDescription\":\"Get updates, inspiration and best practices from the team behind JIRA.\",\"formUrl\":\"https://www.atlassian.com/apis/exact-target/{0}/subscribe?mailingListId=1401671\",\"signupTitle\":\"Sign up!\",\"signupId\":\"newsletter-signup-tip\",\"showNewsletterTip\":false}";
WRM._unparsedData["com.atlassian.jira.project-templates-plugin:project-templates-plugin-resources.ptAnalyticsData"]="{\"instanceCreatedDate\":\"2011-01-31\"}";
WRM._unparsedData["com.atlassian.jira.plugins.jira-wiki-editor:wiki-editor-resources.help-data"]="{\"showHelp\":true,\"editorDocumentationUrl\":[\"https://docs.atlassian.com/jira/jcore-docs-076/Visual+editing\"],\"editorDocumentationTitle\":[\"Show me documentation for the visual editor\"]}";
WRM._unparsedData["com.atlassian.jira.plugins.jira-wiki-editor:wiki-editor-resources.thumbnails-allowed"]="false";
WRM._unparsedData["jira.webresources:user-message-flags.adminLockout"]="{}";
WRM._unparsedData["jira.request.correlation-id"]="\"59983246d68a57\"";
WRM._unparsedData["project-id"]="10594";
WRM._unparsedData["project-key"]="\"DERBY\"";
WRM._unparsedData["project-name"]="\"Derby\"";
WRM._unparsedData["project-type"]="\"software\"";
WRM._unparsedData["com.atlassian.jira.jira-projects-issue-navigator:generic-filters"]="[{\"id\":\"allissues\",\"jql\":\"project = \\\"{0}\\\" ORDER BY {1}\",\"defaultOrderby\":\"created DESC\",\"label\":\"All issues\",\"requiresUser\":false,\"supportsInlineIssueCreate\":true,\"fields\":[]},{\"id\":\"allopenissues\",\"jql\":\"project = \\\"{0}\\\" AND resolution = Unresolved ORDER BY {1}\",\"defaultOrderby\":\"priority DESC, updated DESC\",\"label\":\"Open issues\",\"requiresUser\":false,\"supportsInlineIssueCreate\":true,\"fields\":[\"resolution\"]},{\"id\":\"doneissues\",\"jql\":\"project = \\\"{0}\\\" AND statusCategory = Done ORDER BY {1}\",\"defaultOrderby\":\"updated DESC\",\"label\":\"Done issues\",\"requiresUser\":false,\"supportsInlineIssueCreate\":false,\"fields\":[\"status\"]},{\"id\":\"recentlyviewed\",\"jql\":\"project = \\\"{0}\\\" AND issuekey in issueHistory() ORDER BY {1}\",\"defaultOrderby\":\"lastViewed DESC\",\"label\":\"Viewed recently\",\"requiresUser\":false,\"supportsInlineIssueCreate\":true,\"fields\":[\"issuekey\"]},{\"id\":\"addedrecently\",\"jql\":\"project = \\\"{0}\\\" AND created \u003e= -1w ORDER BY {1}\",\"defaultOrderby\":\"created DESC\",\"label\":\"Created recently\",\"requiresUser\":false,\"supportsInlineIssueCreate\":true,\"fields\":[\"created\"]},{\"id\":\"resolvedrecently\",\"jql\":\"project = \\\"{0}\\\" AND resolutiondate \u003e= -1w ORDER BY {1}\",\"defaultOrderby\":\"updated DESC\",\"label\":\"Resolved recently\",\"requiresUser\":false,\"supportsInlineIssueCreate\":false,\"fields\":[\"resolutiondate\"]},{\"id\":\"updatedrecently\",\"jql\":\"project = \\\"{0}\\\" AND updated \u003e= -1w ORDER BY {1}\",\"defaultOrderby\":\"updated DESC\",\"label\":\"Updated recently\",\"requiresUser\":false,\"supportsInlineIssueCreate\":true,\"fields\":[\"updated\"]}]";
WRM._unparsedData["com.atlassian.jira.jira-projects-issue-navigator:default-filter-priority"]="[\"allopenissues\",\"allissues\"]";
WRM._unparsedData["com.atlassian.jira.jira-projects-issue-navigator:can-manage-filters"]="false";
WRM._unparsedData["com.atlassian.jira.jira-projects-issue-navigator:project-filters"]="[]";
WRM._unparsedData["com.atlassian.jira.jira-projects-issue-navigator:can-create-issues"]="false";
WRM._unparsedData["projectId"]="10594";
WRM._unparsedData["projectKey"]="\"DERBY\"";
WRM._unparsedData["projectType"]="\"software\"";
WRM._unparsedData["com.atlassian.jira.jira-projects-issue-navigator:server-rendered"]="true";
if(window.WRM._dataArrived)window.WRM._dataArrived();</script> 
  <link type="text/css" rel="stylesheet" href="/jira/s/a8a4711bc3f2eb261d8c8fd9fbcbba8b-CDN/3pgavk/76005/1c78b578e5c0e813799ab2baea47b6f7/1fca1750044f2777c977e8d8cc023344/_/download/contextbatch/css/_super/batch.css" data-wrm-key="_super" data-wrm-batch-type="context" media="all"> 
  <link type="text/css" rel="stylesheet" href="/jira/s/74ac580603ca910fff0cfdf319e54add-CDN/3pgavk/76005/1c78b578e5c0e813799ab2baea47b6f7/fbf45109b31165e5b7740a9d72318cea/_/download/contextbatch/css/project.issue.navigator,jira.view.issue,jira.global,atl.general,jira.general,-_super/batch.css?agile_global_admin_condition=true&amp;hc-enabled=true&amp;is-server-instance=true&amp;jag=true&amp;jira.create.linked.issue=true&amp;nps-acknowledged=true&amp;richediton=true" data-wrm-key="project.issue.navigator,jira.view.issue,jira.global,atl.general,jira.general,-_super" data-wrm-batch-type="context" media="all"> 
  <link type="text/css" rel="stylesheet" href="/jira/s/611672383f6cab00ab202241ba6f9d68-T/3pgavk/76005/1c78b578e5c0e813799ab2baea47b6f7/7.6.3/_/download/batch/com.atlassian.feedback.jira-feedback-plugin:button-resources-init/com.atlassian.feedback.jira-feedback-plugin:button-resources-init.css" data-wrm-key="com.atlassian.feedback.jira-feedback-plugin:button-resources-init" data-wrm-batch-type="resource" media="all"> 
  <script type="text/javascript" src="/jira/s/98ceb006e504d7924d5ffc411626c6bc-CDN/3pgavk/76005/1c78b578e5c0e813799ab2baea47b6f7/1fca1750044f2777c977e8d8cc023344/_/download/contextbatch/js/_super/batch.js?locale=en-UK" data-wrm-key="_super" data-wrm-batch-type="context" data-initially-rendered></script> 
  <script type="text/javascript" src="/jira/s/c1e4d26ea276469807c3dc0918df482c-CDN/3pgavk/76005/1c78b578e5c0e813799ab2baea47b6f7/fbf45109b31165e5b7740a9d72318cea/_/download/contextbatch/js/project.issue.navigator,jira.view.issue,jira.global,atl.general,jira.general,-_super/batch.js?agile_global_admin_condition=true&amp;hc-enabled=true&amp;is-server-instance=true&amp;jag=true&amp;jira.create.linked.issue=true&amp;locale=en-UK&amp;nps-acknowledged=true&amp;richediton=true" data-wrm-key="project.issue.navigator,jira.view.issue,jira.global,atl.general,jira.general,-_super" data-wrm-batch-type="context" data-initially-rendered></script> 
  <script type="text/javascript" src="/jira/s/6bf9253c8d533109c3b02e26794be24e-CDN/3pgavk/76005/1c78b578e5c0e813799ab2baea47b6f7/871d45c9f322a22cb3aa9b7948a69803/_/download/contextbatch/js/atl.global,-_super/batch.js?locale=en-UK" data-wrm-key="atl.global,-_super" data-wrm-batch-type="context" data-initially-rendered></script> 
  <script type="text/javascript" src="/jira/s/d41d8cd98f00b204e9800998ecf8427e-CDN/3pgavk/76005/1c78b578e5c0e813799ab2baea47b6f7/1.0/_/download/batch/jira.webresources:calendar-en/jira.webresources:calendar-en.js" data-wrm-key="jira.webresources:calendar-en" data-wrm-batch-type="resource" data-initially-rendered></script> 
  <script type="text/javascript" src="/jira/s/d41d8cd98f00b204e9800998ecf8427e-CDN/3pgavk/76005/1c78b578e5c0e813799ab2baea47b6f7/1.0/_/download/batch/jira.webresources:calendar-localisation-moment/jira.webresources:calendar-localisation-moment.js" data-wrm-key="jira.webresources:calendar-localisation-moment" data-wrm-batch-type="resource" data-initially-rendered></script> 
  <script type="text/javascript" src="/jira/s/d41d8cd98f00b204e9800998ecf8427e-CDN/3pgavk/76005/1c78b578e5c0e813799ab2baea47b6f7/7.6.3/_/download/batch/com.atlassian.feedback.jira-feedback-plugin:button-resources/com.atlassian.feedback.jira-feedback-plugin:button-resources.js" data-wrm-key="com.atlassian.feedback.jira-feedback-plugin:button-resources" data-wrm-batch-type="resource" data-initially-rendered></script> 
  <link type="text/css" rel="stylesheet" href="/jira/s/ccd2e67b523185973473e8bd5735c8f9-CDN/3pgavk/76005/1c78b578e5c0e813799ab2baea47b6f7/e0de73613a1027de08f3da6a45e1d1a2/_/download/contextbatch/css/jira.global.look-and-feel,-_super/batch.css" data-wrm-key="jira.global.look-and-feel,-_super" data-wrm-batch-type="context" media="all"> 
  <script type="text/javascript" src="/jira/rest/api/1.0/shortcuts/76005/33e5e0166867c8c9228d44506f60b2e8/shortcuts.js?context=issuenavigation&amp;context=issueaction"></script> 
  <script>
window.WRM=window.WRM||{};window.WRM._unparsedData=window.WRM._unparsedData||{};window.WRM._unparsedErrors=window.WRM._unparsedErrors||{};
WRM._unparsedData["com.atlassian.jira.jira-issue-nav-components:inline-edit-enabled"]="true";
WRM._unparsedData["should-display-chaperone"]="false";
if(window.WRM._dataArrived)window.WRM._dataArrived();</script> 
  <link type="text/css" rel="stylesheet" href="/jira/s/15712b600e9aecf72ffd9fd3704a0c78-CDN/3pgavk/76005/1c78b578e5c0e813799ab2baea47b6f7/6b22a15c7b83f87a47b1757076f43542/_/download/contextbatch/css/com.atlassian.jira.projects.sidebar.init,-_super,-project.issue.navigator,-jira.view.issue/batch.css?jira.create.linked.issue=true&amp;richediton=true" data-wrm-key="com.atlassian.jira.projects.sidebar.init,-_super,-project.issue.navigator,-jira.view.issue" data-wrm-batch-type="context" media="all"> 
  <script type="text/javascript" src="/jira/s/6579b6b8ba67abaa496e39b9242a18a4-CDN/3pgavk/76005/1c78b578e5c0e813799ab2baea47b6f7/6b22a15c7b83f87a47b1757076f43542/_/download/contextbatch/js/com.atlassian.jira.projects.sidebar.init,-_super,-project.issue.navigator,-jira.view.issue/batch.js?jira.create.linked.issue=true&amp;locale=en-UK&amp;richediton=true" data-wrm-key="com.atlassian.jira.projects.sidebar.init,-_super,-project.issue.navigator,-jira.view.issue" data-wrm-batch-type="context" data-initially-rendered></script> 
  <meta charset="utf-8">
  <meta http-equiv="X-UA-Compatible" content="IE=edge"> 
  <meta name="ajs-can-search-users" content="false"> 
  <meta name="ajs-can-edit-watchers" content="false"> 
  <meta name="ajs-default-avatar-url" content="https://issues.apache.org/jira/secure/useravatar?size=xsmall&amp;avatarId=10453"> 
  <meta name="ajs-issue-project-type" content="software"> 
  <meta name="ajs-issue-key" content="DERBY-1800"> 
  <meta name="ajs-server-view-issue-is-editable" content="false"> 
  <title>[DERBY-1800] testSetBinaryStreamLengthLessOnBlobTooLong fails with 'Unexpected SQL state. expected:&lt;22001&gt; but was:&lt;58009&gt;' - ASF JIRA</title> 
  <link rel="search" type="application/opensearchdescription+xml" href="/jira/osd.jsp" title="[DERBY-1800] testSetBinaryStreamLengthLessOnBlobTooLong fails with 'Unexpected SQL state. expected:<22001> but was:<58009>' - ASF JIRA"> 
 </head> 
 <body id="jira" class="aui-layout aui-theme-default " data-version="7.6.3"> 
  <div id="page"> 
   <header id="header" role="banner"> 
    <script>
require(["jquery", "jira/license-banner"], function ($, licenseBanner) {
    $(function () {
        licenseBanner.showLicenseBanner("");
        licenseBanner.showLicenseFlag("");
    });
});
</script> 
    <nav class="aui-header aui-dropdown2-trigger-group" role="navigation">
     <div class="aui-header-inner">
      <div class="aui-header-before">
       <a class=" aui-dropdown2-trigger app-switcher-trigger" aria-controls="app-switcher" aria-haspopup="true" role="button" tabindex="0" data-aui-trigger href="#app-switcher"><span class="aui-icon aui-icon-small aui-iconfont-appswitcher">Linked Applications</span></a>
       <div id="app-switcher" class="aui-dropdown2 aui-style-default" role="menu" aria-hidden="true" data-is-switcher="true" data-environment="{&quot;isUserAdmin&quot;:false,&quot;isAppSuggestionAvailable&quot;:false,&quot;isSiteAdminUser&quot;:false}">
        <div role="application">
         <div class="app-switcher-loading">
          Loadingâ€¦
         </div>
        </div>
       </div>
      </div>
      <div class="aui-header-primary">
       <h1 id="logo" class="aui-header-logo aui-header-logo-custom"><a href="https://issues.apache.org/jira/secure/MyJiraHome.jspa"><img src="/jira/s/3pgavk/76005/1c78b578e5c0e813799ab2baea47b6f7/_/jira-logo-scaled.png" alt="ASF JIRA"></a></h1>
       <ul class="aui-nav">
        <li><a href="/jira/secure/Dashboard.jspa" class=" aui-nav-link aui-dropdown2-trigger aui-dropdown2-ajax" id="home_link" aria-haspopup="true" aria-controls="home_link-content" title="View and manage your dashboards" accesskey="d">Dashboards</a>
         <div class="aui-dropdown2 aui-style-default" id="home_link-content" data-aui-dropdown2-ajax-key="home_link"></div></li>
        <li><a href="/jira/browse/DERBY" class=" aui-nav-link aui-dropdown2-trigger aui-dropdown2-ajax" id="browse_link" aria-haspopup="true" aria-controls="browse_link-content" title="View recent projects and browse a list of projects" accesskey="p">Projects</a>
         <div class="aui-dropdown2 aui-style-default" id="browse_link-content" data-aui-dropdown2-ajax-key="browse_link"></div></li>
        <li><a href="/jira/issues/" class=" aui-nav-link aui-dropdown2-trigger aui-dropdown2-ajax" id="find_link" aria-haspopup="true" aria-controls="find_link-content" title="Search for issues and view recent issues" accesskey="i">Issues</a>
         <div class="aui-dropdown2 aui-style-default" id="find_link-content" data-aui-dropdown2-ajax-key="find_link"></div></li> 
       </ul>
      </div>
      <div class="aui-header-secondary">
       <ul class="aui-nav">
        <li id="quicksearch-menu"> 
         <form action="/jira/secure/QuickSearch.jspa" method="get" id="quicksearch" class="aui-quicksearch dont-default-focus ajs-dirty-warning-exempt"> 
          <input id="quickSearchInput" class="search" type="text" title="Search" placeholder="Search" name="searchString" accessKey="q"> 
          <input type="submit" class="hidden" value="Search"> 
         </form> </li> 
        <li><a class="jira-feedback-plugin" role="button" aria-haspopup="true" id="jira-header-feedback-link" href="#"><span class="aui-icon aui-icon-small jira-feedback-plugin-icon">Give feedback to Atlassian</span></a></li> 
        <li id="system-help-menu"> <a class="aui-nav-link aui-dropdown2-trigger" id="help_menu" aria-haspopup="true" aria-owns="system-help-menu-content" href="https://docs.atlassian.com/jira/jcore-docs-076/" target="$textUtils.htmlEncode($rootHelpMenuItem.params.target)" title="Help"><span class="aui-icon aui-icon-small aui-iconfont-help">Help</span></a> 
         <div id="system-help-menu-content" class="aui-dropdown2 aui-style-default"> 
          <div class="aui-dropdown2-section"> 
           <ul id="jira-help" class="aui-list-truncate"> 
            <li> <a id="view_core_help" class="aui-nav-link " title="Go to the online documentation for JIRA Core" href="https://docs.atlassian.com/jira/jcore-docs-076/" target="_blank">JIRA Core help</a> </li> 
            <li> <a id="keyshortscuthelp" class="aui-nav-link " title="Get more information about JIRA's Keyboard Shortcuts" href="/jira/secure/ViewKeyboardShortcuts!default.jspa" target="_blank">Keyboard Shortcuts</a> </li> 
            <li> <a id="view_about" class="aui-nav-link " title="Get more information about JIRA" href="/jira/secure/AboutPage.jspa">About JIRA</a> </li> 
            <li> <a id="view_credits" class="aui-nav-link " title="See who did what" href="/jira/secure/JiraCreditsPage!default.jspa" target="_blank">JIRA Credits</a> </li> 
           </ul> 
          </div> 
         </div> </li> 
        <li id="user-options"> <a class="aui-nav-link login-link" href="/jira/login.jsp?os_destination=%2Fbrowse%2FDERBY-1800">Log In</a> 
         <div id="user-options-content" class="aui-dropdown2 aui-style-default"> 
          <div class="aui-dropdown2-section"> 
          </div> 
         </div> </li> 
       </ul>
      </div>
     </div>
     <!-- .aui-header-inner-->
    </nav>
    <!-- .aui-header --> 
   </header> 
   <section id="content" role="main"> 
    <big-pipe data-id="sidebar-id" unresolved></big-pipe>
    <div class="aui-sidebar  sidebar-placeholder">
     <div class="aui-sidebar-wrapper">
      <div class="aui-sidebar-body"></div>
      <div class="aui-sidebar-footer">
       <a class="aui-button aui-button-subtle aui-sidebar-toggle aui-sidebar-footer-tipsy" data-tooltip="Expand sidebar ( [ )" href="#"><span class="aui-icon aui-icon-small"></span></a>
      </div>
     </div>
    </div>
    <script id="projects-sidebar-init">
    require(['jira/projects/sidebar/expansion-manager'], function(expansionManager) {
        var scriptTag = document.getElementById('projects-sidebar-init');
        var sidebar = AJS.sidebar('.aui-sidebar');
        expansionManager(sidebar);
        scriptTag.parentElement.removeChild(scriptTag);
    });
    </script>
    <div class="aui-page-panel">
     <div class="aui-page-panel-inner">
      <div class="issue-navigator">
       <div class="content">
        <div class="issue-view">
         <div class="navigation-tools">
          <div class="pager-container"></div>
         </div>
         <div class="issue-container">
          <div id="issue-content" class="issue-edit-form">
           <header id="stalker" class="issue-header js-stalker">
            <div class="issue-header-content">
             <header class="aui-page-header">
              <div class="aui-page-header-inner">
               <div class="aui-page-header-image">
                <span id="10594" class="aui-avatar aui-avatar-large aui-avatar-project"><span class="aui-avatar-inner"><img id="project-avatar" alt="Uploaded image for project: 'Derby'" src="https://issues.apache.org/jira/secure/projectavatar?pid=10594&amp;avatarId=10122"></span></span>
               </div>
               <!-- .aui-page-header-image -->
               <div class="aui-page-header-main">
                <ol class="aui-nav aui-nav-breadcrumbs">
                 <li><a id="project-name-val" href="/jira/browse/DERBY">Derby</a></li>
                 <li><a class="issue-link" data-issue-key="DERBY-1800" href="/jira/browse/DERBY-1800" id="key-val" rel="12349072">DERBY-1800</a></li>
                </ol>
                <h1 id="summary-val">testSetBinaryStreamLengthLessOnBlobTooLong fails with 'Unexpected SQL state. expected:&lt;22001&gt; but was:&lt;58009&gt;'</h1>
               </div>
               <!-- .aui-page-header-main -->
               <div class="aui-page-header-actions">
                <div id="issue-header-pager"></div>
               </div>
               <!-- .aui-page-header-actions -->
              </div>
              <!-- .aui-page-header-inner -->
             </header>
             <!-- .aui-page-header -->
             <div class="command-bar">
              <div class="ops-cont">
               <div class="ops-menus aui-toolbar">
                <div class="toolbar-split toolbar-split-left">
                 <ul id="opsbar-ops-login-lnk_container" class="toolbar-group pluggable-ops">
                  <li class="toolbar-item"><a id="ops-login-lnk" title="Log In" class="toolbar-trigger" href="/jira/login.jsp?os_destination=%2Fbrowse%2FDERBY-1800"><span class="trigger-label">Log In</span></a></li>
                 </ul>
                 <ul id="opsbar-opsbar-operations" class="toolbar-group pluggable-ops"></ul>
                 <ul id="opsbar-opsbar-transitions" class="toolbar-group pluggable-ops"></ul>
                 <ul id="opsbar-opsbar-admin" class="toolbar-group pluggable-ops"></ul>
                </div>
                <div class="toolbar-split toolbar-split-right">
                 <ul id="opsbar-jira.issue.tools" class="toolbar-group pluggable-ops">
                  <li class="toolbar-item">
                   <div>
                    <a href="#" id="viewissue-export" aria-owns="viewissue-export_drop" aria-haspopup="true" title="Export this issue in another format" class="toolbar-trigger aui-button aui-style-default aui-dropdown2-trigger"><span class="icon icon-default aui-icon aui-icon-small aui-iconfont-export"></span> <span class="dropdown-text">Export</span></a>
                    <div id="viewissue-export_drop" class="aui-style-default aui-dropdown2">
                     <ul>
                      <li class="aui-list-item"><a href="/jira/si/jira.issueviews:issue-xml/DERBY-1800/DERBY-1800.xml" id="jira.issueviews:issue-xml"><span class="trigger-label">XML</span></a></li>
                      <li class="aui-list-item"><a href="/jira/si/jira.issueviews:issue-word/DERBY-1800/DERBY-1800.doc" id="jira.issueviews:issue-word"><span class="trigger-label">Word</span></a></li>
                      <li class="aui-list-item"><a href="/jira/si/jira.issueviews:issue-html/DERBY-1800/DERBY-1800.html" id="jira.issueviews:issue-html"><span class="trigger-label">Printable</span></a></li>
                      <li class="aui-list-item"><a href="/jira/si/com.atlassian.jira.plugins.jira-importers-plugin:issue-json/DERBY-1800/DERBY-1800.json" id="com.atlassian.jira.plugins.jira-importers-plugin:issue-json"><span class="trigger-label">JSON</span></a></li>
                     </ul>
                    </div>
                   </div></li>
                 </ul>
                </div>
               </div>
              </div>
             </div>
            </div>
           </header>
           <div class="issue-body-content">
            <div class="aui-group issue-body">
             <div class="aui-item issue-main-column">
              <div id="details-module" class="module toggle-wrap">
               <div id="details-module_heading" class="mod-header">
                <ul class="ops"></ul>
                <h2 class="toggle-title">Details</h2>
               </div>
               <div class="mod-content"> 
                <ul id="issuedetails" class="property-list two-cols"> 
                 <li class="item"> 
                  <div class="wrap"> 
                   <strong class="name">Type:</strong> 
                   <span id="type-val" class="value"> <img alt="" height="16" src="/jira/secure/viewavatar?size=xsmall&amp;avatarId=21133&amp;avatarType=issuetype" title="Bug - A problem which impairs or prevents the functions of the product." width="16"> Bug </span> 
                  </div> </li> 
                 <li class="item item-right"> 
                  <div class="wrap"> 
                   <strong class="name">Status:</strong> 
                   <span id="status-val" class="value"> <span class=" jira-issue-status-lozenge aui-lozenge jira-issue-status-lozenge-green jira-issue-status-lozenge-done jira-issue-status-lozenge-max-width-medium" data-tooltip="<span class=&quot;jira-issue-status-tooltip-title&quot;>Closed</span><br><span class=&quot;jira-issue-status-tooltip-desc&quot;>The issue is considered finished, the resolution is correct. Issues which are not closed can be reopened.</span>">Closed</span> </span> 
                  </div> </li> 
                 <li class="item new"> 
                  <div class="wrap"> 
                   <strong class="name">Priority:</strong> 
                   <span id="priority-val" class="value"> <img alt="" height="16" src="/jira/images/icons/priorities/minor.svg" title="Minor - Minor loss of function, or other problem where easy workaround is present." width="16"> Minor </span> 
                  </div> </li> 
                 <li class="item item-right"> 
                  <div class="wrap"> 
                   <strong class="name">Resolution:</strong> 
                   <span id="resolution-val" class="value resolved"> Fixed </span> 
                  </div> </li> 
                 <li class="item"> 
                  <div class="wrap"> 
                   <strong class="name">Affects Version/s:</strong> 
                   <span id="versions-val" class="value"> <span class="shorten" id="versions-field"> <span title="10.3.1.4 ">10.3.1.4</span> </span> </span> 
                  </div> </li> 
                 <li class="item item-right"> 
                  <div class="wrap"> 
                   <strong class="name">Fix Version/s:</strong> 
                   <span id="fixfor-val" class="value"> <span class="shorten" id="fixVersions-field"> <a href="/jira/issues/?jql=project+%3D+DERBY+AND+fixVersion+%3D+10.2.2.0" title="10.2.2.0 ">10.2.2.0</a>, <a href="/jira/issues/?jql=project+%3D+DERBY+AND+fixVersion+%3D+10.3.1.4" title="10.3.1.4 ">10.3.1.4</a> </span> </span> 
                  </div> </li> 
                 <li class="item"> 
                  <div class="wrap"> 
                   <strong class="name">Component/s:</strong> 
                   <span id="components-val" class="value"> <span class="shorten" id="components-field"> <a href="/jira/issues/?jql=project+%3D+DERBY+AND+component+%3D+%22Network+Server%22" title="Network Server ">Network Server</a> </span> </span> 
                  </div> </li> 
                 <li class="item full-width"> 
                  <div class="wrap" id="wrap-labels"> 
                   <strong class="name">Labels:</strong> 
                   <div class="labels-wrap value"> 
                    <span class="labels" id="labels-12349072-value">None</span> 
                   </div> 
                  </div> </li> 
                 <li class="item full-width"> 
                  <div class="wrap"> 
                   <strong class="name">Environment:</strong> 
                   <div id="environment-val" class="value">
                     All 
                   </div> 
                  </div> </li> 
                </ul> 
                <div id="customfieldmodule"> 
                 <div class="aui-tabs horizontal-tabs" id="customfield-tabs"> 
                  <div id="customfield-panel-1" class="tabs-pane active-pane"> 
                   <ul class="property-list"> 
                    <li id="rowForcustomfield_12310200" class="item"> 
                     <div class="wrap"> 
                      <strong title="Bug behavior facts" class="name">Bug behavior facts:</strong> 
                      <div id="customfield_12310200-val" class="value type-multicheckboxes" data-fieldtype="multicheckboxes" data-fieldtypecompletekey="com.atlassian.jira.plugin.system.customfieldtypes:multicheckboxes"> 
                       <div class="shorten" id="customfield_12310200-field"> 
                        <span>Regression Test Failure</span> 
                       </div> 
                      </div> 
                     </div> </li> 
                   </ul> 
                  </div> 
                 </div>
                </div> 
               </div>
              </div>
              <div id="descriptionmodule" class="module toggle-wrap">
               <div id="descriptionmodule_heading" class="mod-header">
                <ul class="ops"></ul>
                <h2 class="toggle-title">Description</h2>
               </div>
               <div class="mod-content">
                <div id="description-val" class="field-ignore-highlight"> 
                 <div class="user-content-block"> 
                  <p>Has failed since 438528, changes: <a href="http://www.multinet.no/~solberg/public/Apache/Daily/jvm1.6/UpdateInfo/438528.txt" class="external-link" rel="nofollow">http://www.multinet.no/~solberg/public/Apache/Daily/jvm1.6/UpdateInfo/438528.txt</a></p> 
                  <p>Logs in <a href="http://www.multinet.no/~solberg/public/Apache/Daily/jvm1.6/Limited/testSummary-438528.html" class="external-link" rel="nofollow">http://www.multinet.no/~solberg/public/Apache/Daily/jvm1.6/Limited/testSummary-438528.html</a>.<br> E.g.</p> 
                  <ul> 
                   <li> 
                    <ul> 
                     <li> 
                      <ul> 
                       <li>Start: _Suite jdk1.6.0-rc DerbyNetClient derbynetclientmats:jdbc40 2006-08-31 02:52:09 ***<br> 0 add<br> &gt; ............................F.............<br> &gt; There was 1 failure:<br> &gt; 1) testSetBinaryStreamLengthLessOnBlobTooLong(org.apache.derbyTesting.functionTests.tests.jdbc4.PreparedStatementTest)junit.framework.ComparisonFailure: Unexpected SQL state. expected:&lt;22001&gt; but was:&lt;58009&gt;<br> &gt; FAILURES!!!<br> &gt; Tests run: 2048, Failures: 1, Errors: 0<br> Test Failed.</li> 
                       <li>End: _Suite jdk1.6.0-rc DerbyNetClient derbynetclientmats:jdbc40 2006-08-31 02:52:26 ***</li> 
                      </ul> </li> 
                    </ul> </li> 
                  </ul> 
                 </div> 
                </div> 
               </div>
              </div>
              <div id="dnd-metadata" class="module toggle-wrap">
               <div id="dnd-metadata_heading" class="mod-header">
                <ul class="ops"></ul>
                <h2 class="toggle-title">Attachments</h2>
               </div>
               <div class="mod-content">
                <div id="dnd-metadata-webpanel" data-can-attach="false" data-project-type="software" data-upload-limit="62914560" data-thumbnails-allowed="false"></div>
               </div>
              </div>
              <div id="attachmentmodule" class="module toggle-wrap">
               <div id="attachmentmodule_heading" class="mod-header">
                <ul class="ops">
                 <li class="drop">
                  <div class="aui-dd-parent">
                   <a href="#" class="icon drop-menu js-default-dropdown" title="Options"><span>Options</span></a>
                   <div class="aui-dropdown-content aui-list">
                    <ul id="attachment-sorting-options" class="aui-list-section aui-first">
                     <li class="aui-list-item"><a id="attachment-sort-key-name" href="/jira/browse/DERBY-1800?attachmentSortBy=fileName#attachmentmodule" class="aui-list-checked aui-checked aui-list-item-link" title="viewissue.subtasks.tab.show.all.name"><span>Sort By Name</span></a></li>
                     <li class="aui-list-item"><a id="attachment-sort-key-date" href="/jira/browse/DERBY-1800?attachmentSortBy=dateTime#attachmentmodule" class="aui-list-checked aui-list-item-link" title="Sort By Date"><span>Sort By Date</span></a></li>
                    </ul>
                    <ul id="attachment-sorting-order-options" class="aui-list-section aui-last">
                     <li class="aui-list-item"><a id="attachment-sort-direction-asc" href="/jira/browse/DERBY-1800?attachmentOrder=asc#attachmentmodule" class="aui-list-checked aui-checked aui-list-item-link" title="Ascending"><span>Ascending</span></a></li>
                     <li class="aui-list-item"><a id="attachment-sort-direction-desc" href="/jira/browse/DERBY-1800?attachmentOrder=desc#attachmentmodule" class="aui-list-checked aui-list-item-link" title="Descending"><span>Descending</span></a></li>
                    </ul>
                   </div>
                  </div></li>
                </ul>
                <h2 class="toggle-title">Attachments</h2>
               </div>
               <div class="mod-content">
                <ol id="file_attachments" class="item-attachments" data-sort-key="fileName" data-sort-order="asc">
                 <li class="attachment-content js-file-attachment" data-attachment-id="12340135" data-issue-id="12349072" data-attachment-type="file">
                  <div class="attachment-thumb">
                   <a href="/jira/secure/attachment/12340135/DERBY-1800.diff" draggable="true" data-downloadurl="text/x-patch:DERBY-1800.diff:https://issues.apache.org/jira/secure/attachment/12340135/DERBY-1800.diff"><span class="aui-icon aui-icon-small attachment-icon aui-iconfont-devtools-file" title="File"></span></a>
                  </div>
                  <dl>
                   <dt class="attachment-title">
                    <a href="/jira/secure/attachment/12340135/DERBY-1800.diff" title="Latest  04/Sep/06 09:09 - Andreas Korneliussen" draggable="true" data-downloadurl="text/x-patch:DERBY-1800.diff:https://issues.apache.org/jira/secure/attachment/12340135/DERBY-1800.diff">DERBY-1800.diff</a>
                   </dt>
                   <dd class="attachment-delete">
                    <span class="icon"></span>
                   </dd>
                   <dd class="attachment-date">
                    <time class="livestamp" datetime="2006-09-04T09:09:55.000Z">04/Sep/06 09:09</time>
                   </dd>
                   <dd class="attachment-size">
                    0.5 kB
                   </dd>
                   <dd class="attachment-author">
                    Andreas Korneliussen
                   </dd>
                  </dl></li>
                </ol>
               </div>
              </div>
              <div id="activitymodule" class="module toggle-wrap">
               <div id="activitymodule_heading" class="mod-header">
                <ul class="ops"></ul>
                <h2 class="toggle-title">Activity</h2>
               </div>
               <div class="mod-content"> 
                <big-pipe data-id="activity-panel-pipe-id" style="height: 70px"> 
                 <div></div> 
                </big-pipe> 
               </div>
              </div>
             </div>
             <div id="viewissuesidebar" class="aui-item issue-side-column">
              <div id="peoplemodule" class="module toggle-wrap">
               <div id="peoplemodule_heading" class="mod-header">
                <ul class="ops"></ul>
                <h2 class="toggle-title">People</h2>
               </div>
               <div class="mod-content"> 
                <ul class="item-details" id="peopledetails"> 
                 <li class="people-details"> 
                  <dl> 
                   <dt>
                    Assignee:
                   </dt> 
                   <dd> 
                    <span id="assignee-val" class="view-issue-field"> <span class="user-hover" id="issue_summary_assignee_andreask" rel="andreask" data-user="{&quot;avatarUrl&quot;:&quot;https://issues.apache.org/jira/secure/useravatar?size=xsmall&amp;avatarId=10452&quot;,&quot;displayName&quot;:&quot;Andreas Korneliussen&quot;,&quot;emailAddress&quot;:&quot;andreas.korneliussen@gmail.com&quot;,&quot;username&quot;:&quot;andreask&quot;}"> <span class="aui-avatar aui-avatar-small"><span class="aui-avatar-inner"><img src="https://issues.apache.org/jira/secure/useravatar?size=small&amp;avatarId=10452" alt="andreask"></span></span> Andreas Korneliussen </span> </span> 
                   </dd> 
                  </dl> 
                  <dl> 
                   <dt>
                    Reporter:
                   </dt> 
                   <dd> 
                    <span id="reporter-val" class="view-issue-field"> <span class="user-hover" id="issue_summary_reporter_olesolberg" rel="olesolberg" data-user="{&quot;avatarUrl&quot;:&quot;https://issues.apache.org/jira/secure/useravatar?size=xsmall&amp;avatarId=10452&quot;,&quot;displayName&quot;:&quot;Ole Solberg&quot;,&quot;emailAddress&quot;:&quot;Ole.Solberg@Sun.COM&quot;,&quot;username&quot;:&quot;olesolberg&quot;}"> <span class="aui-avatar aui-avatar-small"><span class="aui-avatar-inner"><img src="https://issues.apache.org/jira/secure/useravatar?size=small&amp;avatarId=10452" alt="olesolberg"></span></span> Ole Solberg </span> </span> 
                   </dd> 
                  </dl> </li> 
                </ul> 
                <ul class="item-details"> 
                 <li> 
                  <dl> 
                   <dt>
                    Votes:
                   </dt> 
                   <dd> 
                    <span id="vote-data" class="aui-badge vote-state-off">0</span> 
                    <span id="vote-label" title="You have to be logged in to vote for an issue.">Vote for this issue</span> 
                   </dd> 
                  </dl> 
                  <dl> 
                   <dt>
                    Watchers:
                   </dt> 
                   <dd> 
                    <span id="watcher-data" class="aui-badge watch-state-off">0</span> 
                    <span id="watch-label" title="You have to be logged in to watch an issue.">Start watching this issue</span> 
                   </dd> 
                  </dl> </li> 
                </ul> 
               </div>
              </div>
              <div id="datesmodule" class="module toggle-wrap">
               <div id="datesmodule_heading" class="mod-header">
                <ul class="ops"></ul>
                <h2 class="toggle-title">Dates</h2>
               </div>
               <div class="mod-content"> 
                <ul class="item-details"> 
                 <li> 
                  <dl class="dates"> 
                   <dt>
                    Created:
                   </dt> 
                   <dd class="date user-tz" title="01/Sep/06 11:57"> 
                    <span data-name="Created" id="created-val" data-fieldtype="datetime"> <time class="livestamp" datetime="2006-09-01T11:57:50+0000">01/Sep/06 11:57</time> </span> 
                   </dd> 
                  </dl> 
                  <dl class="dates"> 
                   <dt>
                    Updated:
                   </dt> 
                   <dd class="date user-tz" title="29/Jun/09 22:42"> 
                    <span data-name="Updated" id="updated-val" data-fieldtype="datetime"> <time class="livestamp" datetime="2009-06-29T22:42:55+0000">29/Jun/09 22:42</time> </span> 
                   </dd> 
                  </dl> 
                  <dl class="dates"> 
                   <dt>
                    Resolved:
                   </dt> 
                   <dd class="date user-tz" title="25/May/07 19:00"> 
                    <span data-name="Resolved" id="resolutiondate-val" data-fieldtype="datetime"> <time class="livestamp" datetime="2007-05-25T19:00:09+0000">25/May/07 19:00</time> </span> 
                   </dd> 
                  </dl> </li> 
                </ul> 
               </div>
              </div>
             </div>
            </div>
           </div>
          </div>
         </div>
        </div>
       </div>
      </div>
     </div>
     <!-- .aui-page-panel-inner -->
    </div>
    <!-- .aui-page-panel -->
    <div class="issue-navigator-init"></div> 
   </section> 
   <footer id="footer" role="contentinfo"> 
    <section class="footer-body"> 
     <ul class="atlassian-footer"> 
      <li> Atlassian JIRA <a class="seo-link" rel="nofollow" href="https://www.atlassian.com/software/jira">Project Management Software</a> <span id="footer-build-information">(v7.6.3#76005-<span title="8a4e38d34af948780dbf52044e7aafb13a7cae58" data-commit-id="8a4e38d34af948780dbf52044e7aafb13a7cae58}">sha1:8a4e38d</span>)</span> </li> 
      <li> <a id="about-link" rel="nofollow" href="/jira/secure/AboutPage.jspa/secure/AboutPage.jspa">About JIRA</a> </li> 
      <li> <a id="footer-report-problem-link" rel="nofollow" href="/jira/secure/CreateIssue!default.jspa">Report a problem</a> </li> 
     </ul> 
     <ul class="atlassian-footer"> 
      <li class="licensemessage"> Powered by a free Atlassian <a rel="nofollow" href="http://www.atlassian.com/software/jira">JIRA</a> open source license for Apache Software Foundation. Try JIRA - <a rel="nofollow" href="http://www.atlassian.com/software/jira">bug tracking software</a> for <i>your</i> team. </li> 
     </ul> 
     <div id="footer-logo">
      <a rel="nofollow" href="http://www.atlassian.com/">Atlassian</a>
     </div> 
    </section> 
    <fieldset class="hidden parameters"> 
     <input type="hidden" title="loggedInUser" value=""> 
     <input type="hidden" title="ajaxTimeout" value="The call to the JIRA server did not complete within the timeout period.  We are unsure of the result of this operation."> 
     <input type="hidden" title="JiraVersion" value="7.6.3"> 
     <input type="hidden" title="ajaxUnauthorised" value="You are not authorised to perform this operation. Please log in."> 
     <input type="hidden" title="baseURL" value="https://issues.apache.org/jira"> 
     <input type="hidden" title="ajaxCommsError" value="The JIRA server could not be contacted. This may be a temporary glitch or the server may be down. "> 
     <input type="hidden" title="ajaxServerError" value="The JIRA server was contacted but has returned an error response. We are unsure of the result of this operation."> 
     <input type="hidden" title="ajaxErrorCloseDialog" value="Close this dialog and press refresh in your browser"> 
     <input type="hidden" title="ajaxErrorDialogHeading" value="Communications Breakdown"> 
     <input type="hidden" title="dirtyMessage" value="You have entered new data on this page. If you navigate away from this page without first saving your data, the changes will be lost."> 
     <input type="hidden" title="dirtyDialogMessage" value="You have entered new data in this dialog. If you navigate away from this dialog without first saving your data, the changes will be lost. Click cancel to return to the dialog."> 
     <input type="hidden" title="keyType" value="Type"> 
     <input type="hidden" title="keyThen" value="then"> 
     <input type="hidden" title="dblClickToExpand" value="Double click to expand"> 
     <input type="hidden" title="actions" value="Actions"> 
     <input type="hidden" title="removeItem" value="Remove"> 
     <input type="hidden" title="workflow" value="Workflow"> 
     <input type="hidden" title="labelNew" value="New Label"> 
     <input type="hidden" title="issueActionsHint" value="Begin typing for available operations or press down to see all"> 
     <input type="hidden" title="closelink" value="Close"> 
     <input type="hidden" title="dotOperations" value="Operations"> 
     <input type="hidden" title="dotLoading" value="Loading..."> 
     <input type="hidden" title="frotherSuggestions" value="Suggestions"> 
     <input type="hidden" title="frotherNomatches" value="No Matches"> 
     <input type="hidden" title="multiselectVersionsError" value="{0} is not a valid version."> 
     <input type="hidden" title="multiselectComponentsError" value="{0} is not a valid component."> 
     <input type="hidden" title="multiselectGenericError" value="The value {0} is invalid."> 
    </fieldset> 
   </footer> 
  </div> 
  <script type="text/javascript" src="/jira/s/d41d8cd98f00b204e9800998ecf8427e-CDN/3pgavk/76005/1c78b578e5c0e813799ab2baea47b6f7/1.0/_/download/batch/jira.webresources:bigpipe-js/jira.webresources:bigpipe-js.js" data-wrm-key="jira.webresources:bigpipe-js" data-wrm-batch-type="resource" data-initially-rendered></script> 
  <script>
window.WRM=window.WRM||{};window.WRM._unparsedData=window.WRM._unparsedData||{};window.WRM._unparsedErrors=window.WRM._unparsedErrors||{};
WRM._unparsedData["activity-panel-pipe-id"]="\"\\n\\n\\n\\n\\n\\n\\n\\n\\n\\n\\n    \u003cdiv class=\\\"tabwrap tabs2\\\"\u003e\\n\\n        \u003cul id=\\\"issue-tabs\\\" class=\\\"tabs horizontal\\\"\u003e\\n                                \\n            \u003cli  data-id=\\\"all-tabpanel\\\" data-key=\\\"com.atlassian.jira.plugin.system.issuetabpanels:all-tabpanel\\\" data-label=\\\"All\\\" data-href=\\\"\\/jira\\/browse\\/DERBY-1800?page=com.atlassian.jira.plugin.system.issuetabpanels:all-tabpanel\\\"\u003e\\n                            \u003ca class=\\\"ajax-activity-content\\\" id=\\\"all-tabpanel\\\" href=\\\"\\/jira\\/browse\\/DERBY-1800?page=com.atlassian.jira.plugin.system.issuetabpanels:all-tabpanel\\\"\u003e\u003cstrong\u003eAll\u003c\\/strong\u003e\u003c\\/a\u003e\\n                        \u003c\\/li\u003e\\n                                \\n            \u003cli  class=\\\"active\\\" id=\\\"comment-tabpanel\\\"  data-id=\\\"comment-tabpanel\\\" data-key=\\\"com.atlassian.jira.plugin.system.issuetabpanels:comment-tabpanel\\\" data-label=\\\"Comments\\\" data-href=\\\"\\/jira\\/browse\\/DERBY-1800?page=com.atlassian.jira.plugin.system.issuetabpanels:comment-tabpanel\\\"\u003e\\n                            \u003cstrong tabindex=\\\"0\\\"\u003eComments\u003c\\/strong\u003e\\n                        \u003c\\/li\u003e\\n                                \\n            \u003cli  data-id=\\\"worklog-tabpanel\\\" data-key=\\\"com.atlassian.jira.plugin.system.issuetabpanels:worklog-tabpanel\\\" data-label=\\\"Work Log\\\" data-href=\\\"\\/jira\\/browse\\/DERBY-1800?page=com.atlassian.jira.plugin.system.issuetabpanels:worklog-tabpanel\\\"\u003e\\n                            \u003ca class=\\\"ajax-activity-content\\\" id=\\\"worklog-tabpanel\\\" href=\\\"\\/jira\\/browse\\/DERBY-1800?page=com.atlassian.jira.plugin.system.issuetabpanels:worklog-tabpanel\\\"\u003e\u003cstrong\u003eWork Log\u003c\\/strong\u003e\u003c\\/a\u003e\\n                        \u003c\\/li\u003e\\n                                \\n            \u003cli  data-id=\\\"changehistory-tabpanel\\\" data-key=\\\"com.atlassian.jira.plugin.system.issuetabpanels:changehistory-tabpanel\\\" data-label=\\\"History\\\" data-href=\\\"\\/jira\\/browse\\/DERBY-1800?page=com.atlassian.jira.plugin.system.issuetabpanels:changehistory-tabpanel\\\"\u003e\\n                            \u003ca class=\\\"ajax-activity-content\\\" id=\\\"changehistory-tabpanel\\\" href=\\\"\\/jira\\/browse\\/DERBY-1800?page=com.atlassian.jira.plugin.system.issuetabpanels:changehistory-tabpanel\\\"\u003e\u003cstrong\u003eHistory\u003c\\/strong\u003e\u003c\\/a\u003e\\n                        \u003c\\/li\u003e\\n                                \\n            \u003cli  data-id=\\\"activity-stream-issue-tab\\\" data-key=\\\"com.atlassian.streams.streams-jira-plugin:activity-stream-issue-tab\\\" data-label=\\\"Activity\\\" data-href=\\\"\\/jira\\/browse\\/DERBY-1800?page=com.atlassian.streams.streams-jira-plugin:activity-stream-issue-tab\\\"\u003e\\n                            \u003ca class=\\\"ajax-activity-content\\\" id=\\\"activity-stream-issue-tab\\\" href=\\\"\\/jira\\/browse\\/DERBY-1800?page=com.atlassian.streams.streams-jira-plugin:activity-stream-issue-tab\\\"\u003e\u003cstrong\u003eActivity\u003c\\/strong\u003e\u003c\\/a\u003e\\n                        \u003c\\/li\u003e\\n                                \\n            \u003cli  data-id=\\\"transitions-summary-tabpanel\\\" data-key=\\\"com.googlecode.jira-suite-utilities:transitions-summary-tabpanel\\\" data-label=\\\"Transitions\\\" data-href=\\\"\\/jira\\/browse\\/DERBY-1800?page=com.googlecode.jira-suite-utilities:transitions-summary-tabpanel\\\"\u003e\\n                            \u003ca class=\\\"ajax-activity-content\\\" id=\\\"transitions-summary-tabpanel\\\" href=\\\"\\/jira\\/browse\\/DERBY-1800?page=com.googlecode.jira-suite-utilities:transitions-summary-tabpanel\\\"\u003e\u003cstrong\u003eTransitions\u003c\\/strong\u003e\u003c\\/a\u003e\\n                        \u003c\\/li\u003e\\n                \u003c\\/ul\u003e\\n\\n                    \u003cdiv class=\\\"sortwrap\\\"\u003e\\n                                    \u003ca class=\\\"issue-activity-sort-link ajax-activity-content\\\" rel=\\\"nofollow\\\" data-tab-sort data-order=\\\"desc\\\" href=\\\"\\/jira\\/browse\\/DERBY-1800?actionOrder=desc\\\" title=\\\"Ascending order - Click to sort in descending order\\\"\u003e\\n                        \u003cspan class=\\\"aui-icon aui-icon-small aui-iconfont-up\\\"\u003eAscending order - Click to sort in descending order\u003c\\/span\u003e\\n                    \u003c\\/a\u003e\\n                            \u003c\\/div\u003e\\n            \u003c\\/div\u003e\\n    \u003cdiv class=\\\"issuePanelWrapper\\\"\u003e\\n        \u003cdiv class=\\\"issuePanelProgress\\\"\u003e\u003c\\/div\u003e\\n        \u003cdiv class=\\\"issuePanelContainer\\\" id=\\\"issue_actions_container\\\"\u003e\\n                                    \\n\\n\\n\u003cdiv id=\\\"comment-12432130\\\" class=\\\"issue-data-block activity-comment twixi-block  expanded\\\"\u003e\\n    \u003cdiv class=\\\"twixi-wrap verbose actionContainer\\\"\u003e\\n        \u003cdiv class=\\\"action-head\\\"\u003e\\n            \u003ca href=\\\"#\\\" title=\\\"Collapse comment\\\" class=\\\"twixi\\\"\u003e\u003cspan class=\\\"icon-default aui-icon aui-icon-small aui-iconfont-expanded\\\"\u003e\u003cspan\u003eHide\u003c\\/span\u003e\u003c\\/span\u003e\u003c\\/a\u003e\\n            \u003cdiv class=\\\"action-links\\\"\u003e\\n                \u003ca href=\\\"\\/jira\\/browse\\/DERBY-1800?focusedCommentId=12432130&page=com.atlassian.jira.plugin.system.issuetabpanels:comment-tabpanel#comment-12432130\\\"\\n                   title=\\\"Right click and copy link for a permanent link to this comment.\\\" class=\\\"activitymodule-link issue-comment-action\\\"\u003e\\n                    \u003cspan class=\\\"icon-default aui-icon aui-icon-small aui-iconfont-link\\\"\u003ePermalink\u003c\\/span\u003e\u003c\\/a\u003e\\n                                            \u003c\\/div\u003e\\n            \u003cdiv class=\\\"action-details\\\"\u003e        \\n    \\n    \\n    \\n                \\n\\n    \u003ca class=\\\"user-hover user-avatar\\\" rel=\\\"kristwaa\\\" id=\\\"commentauthor_12432130_verbose\\\" href=\\\"\\/jira\\/secure\\/ViewProfile.jspa?name=kristwaa\\\"\u003e\u003cspan class=\\\"aui-avatar aui-avatar-xsmall\\\"\u003e\u003cspan class=\\\"aui-avatar-inner\\\"\u003e\u003cimg src=\\\"https:\\/\\/issues.apache.org\\/jira\\/secure\\/useravatar?size=xsmall&amp;avatarId=10452\\\" alt=\\\"kristwaa\\\" \\/\u003e\u003c\\/span\u003e\u003c\\/span\u003e Kristian Waagan\u003c\\/a\u003e\\n added a comment  - \u003cspan class=\'commentdate_12432130_verbose subText\'\u003e\u003cspan class=\'date user-tz\' title=\'01\\/Sep\\/06 12:57\'\u003e\u003ctime class=\'livestamp\' datetime=\'2006-09-01T12:57:16+0000\'\u003e01\\/Sep\\/06 12:57\u003c\\/time\u003e\u003c\\/span\u003e\u003c\\/span\u003e  \u003c\\/div\u003e\\n        \u003c\\/div\u003e\\n        \u003cdiv class=\\\"action-body flooded\\\"\u003e\u003cp\u003eThere are many instances of the 58009 state. Here\'s the stack trace:\u003c\\/p\u003e\\n\\n\u003cp\u003ejava.sql.SQLException: A communications error has been detected: Broken pipe.\u003cbr\\/\u003e\\n        at org.apache.derby.client.am.SQLExceptionFactory40.getSQLException(SQLExceptionFactory40.java:95)\u003cbr\\/\u003e\\n        at org.apache.derby.client.am.SqlException.getSQLException(SqlException.java:345)\u003cbr\\/\u003e\\n        at org.apache.derby.client.am.PreparedStatement.executeUpdate(PreparedStatement.java:389)\u003cbr\\/\u003e\\n        at org.apache.derbyTesting.functionTests.tests.jdbc4.PreparedStatementTest.setBinaryStreamOnBlob(PreparedStatementTest.java:1085)\u003cbr\\/\u003e\\n        at org.apache.derbyTesting.functionTests.tests.jdbc4.PreparedStatementTest.testSetBinaryStreamLengthLessOnBlobTooLong(PreparedStatementTest.java:860)        at sun.reflect.NativeMethodAccessorImpl.invoke0(Native Method)\u003cbr\\/\u003e\\n        at sun.reflect.NativeMethodAccessorImpl.invoke(NativeMethodAccessorImpl.java:39)\u003cbr\\/\u003e\\n        at sun.reflect.DelegatingMethodAccessorImpl.invoke(DelegatingMethodAccessorImpl.java:25)\u003cbr\\/\u003e\\n        at java.lang.reflect.Method.invoke(Method.java:597)\u003cbr\\/\u003e\\n        at junit.framework.TestCase.runTest(TestCase.java:154)\u003cbr\\/\u003e\\n        at junit.framework.TestCase.runBare(TestCase.java:127)\u003cbr\\/\u003e\\n        at org.apache.derbyTesting.junit.BaseTestCase.runBare(BaseTestCase.java:76)\u003cbr\\/\u003e\\n        at junit.framework.TestResult$1.protect(TestResult.java:106)\u003cbr\\/\u003e\\n        at junit.framework.TestResult.runProtected(TestResult.java:124)\u003cbr\\/\u003e\\n        at junit.framework.TestResult.run(TestResult.java:109)\u003cbr\\/\u003e\\n        at junit.framework.TestCase.run(TestCase.java:118)\u003cbr\\/\u003e\\n        at junit.framework.TestSuite.runTest(TestSuite.java:208)\u003cbr\\/\u003e\\n        at junit.framework.TestSuite.run(TestSuite.java:203)\u003cbr\\/\u003e\\n        at junit.framework.TestSuite.runTest(TestSuite.java:208)\u003cbr\\/\u003e\\n        at junit.framework.TestSuite.run(TestSuite.java:203)\u003cbr\\/\u003e\\n        at junit.extensions.TestDecorator.basicRun(TestDecorator.java:22)\u003cbr\\/\u003e\\n        at junit.extensions.TestSetup$1.protect(TestSetup.java:19)\u003cbr\\/\u003e\\n        at junit.framework.TestResult.runProtected(TestResult.java:124)\u003cbr\\/\u003e\\n        at junit.extensions.TestSetup.run(TestSetup.java:23)\u003cbr\\/\u003e\\n        at junit.textui.TestRunner.doRun(TestRunner.java:116)\u003cbr\\/\u003e\\n        at junit.textui.TestRunner.start(TestRunner.java:172)\u003cbr\\/\u003e\\n        at junit.textui.TestRunner.main(TestRunner.java:138)\u003cbr\\/\u003e\\nCaused by: org.apache.derby.client.am.DisconnectException: A communications error has been detected: Broken pipe.\u003cbr\\/\u003e\\n        at org.apache.derby.client.net.NetAgent.throwCommunicationsFailure(NetAgent.java:408)\u003cbr\\/\u003e\\n        at org.apache.derby.client.net.Request.flushScalarStreamSegment(Request.java:593)\u003cbr\\/\u003e\\n        at org.apache.derby.client.net.Request.writePlainScalarStream(Request.java:478)\u003cbr\\/\u003e\\n        at org.apache.derby.client.net.Request.writeScalarStream(Request.java:242)\u003cbr\\/\u003e\\n        at org.apache.derby.client.net.NetStatementRequest.buildEXTDTA(NetStatementRequest.java:855)\u003cbr\\/\u003e\\n        at org.apache.derby.client.net.NetStatementRequest.writeExecute(NetStatementRequest.java:145)\u003cbr\\/\u003e\\n        at org.apache.derby.client.net.NetPreparedStatement.writeExecute_(NetPreparedStatement.java:172)\u003cbr\\/\u003e\\n        at org.apache.derby.client.am.PreparedStatement.writeExecute(PreparedStatement.java:1557)\u003cbr\\/\u003e\\n        at org.apache.derby.client.am.PreparedStatement.flowExecute(PreparedStatement.java:1803)\u003cbr\\/\u003e\\n        at org.apache.derby.client.am.PreparedStatement.executeUpdateX(PreparedStatement.java:394)\u003cbr\\/\u003e\\n        at org.apache.derby.client.am.PreparedStatement.executeUpdate(PreparedStatement.java:380)\u003cbr\\/\u003e\\n        ... 24 more\u003cbr\\/\u003e\\nCaused by: java.net.SocketException: Broken pipe\u003cbr\\/\u003e\\n        at java.net.SocketOutputStream.socketWrite0(Native Method)\u003cbr\\/\u003e\\n        at java.net.SocketOutputStream.socketWrite(SocketOutputStream.java:92)\u003cbr\\/\u003e\\n        at java.net.SocketOutputStream.write(SocketOutputStream.java:136)\u003cbr\\/\u003e\\n        at org.apache.derby.client.net.Request.sendBytes(Request.java:1221)\u003cbr\\/\u003e\\n        at org.apache.derby.client.net.Request.flushScalarStreamSegment(Request.java:591)\u003cbr\\/\u003e\\n        ... 33 more\u003c\\/p\u003e \u003c\\/div\u003e\\n    \u003c\\/div\u003e\\n    \u003cdiv class=\\\"twixi-wrap concise actionContainer\\\"\u003e\\n        \u003cdiv class=\\\"action-head\\\"\u003e\\n            \u003ca href=\\\"#\\\" title=\\\"Expand comment\\\" class=\\\"twixi\\\"\u003e\u003cspan class=\\\"icon-default aui-icon aui-icon-small aui-iconfont-collapsed\\\"\u003e\u003cspan\u003eShow\u003c\\/span\u003e\u003c\\/span\u003e\u003c\\/a\u003e\\n            \u003cdiv class=\\\"action-details flooded\\\"\u003e\\n                        \\n    \\n    \\n    \\n                \\n\\n    \u003ca class=\\\"user-hover user-avatar\\\" rel=\\\"kristwaa\\\" id=\\\"commentauthor_12432130_concise\\\" href=\\\"\\/jira\\/secure\\/ViewProfile.jspa?name=kristwaa\\\"\u003e\u003cspan class=\\\"aui-avatar aui-avatar-xsmall\\\"\u003e\u003cspan class=\\\"aui-avatar-inner\\\"\u003e\u003cimg src=\\\"https:\\/\\/issues.apache.org\\/jira\\/secure\\/useravatar?size=xsmall&amp;avatarId=10452\\\" alt=\\\"kristwaa\\\" \\/\u003e\u003c\\/span\u003e\u003c\\/span\u003e Kristian Waagan\u003c\\/a\u003e\\n added a comment  - \u003cspan class=\'commentdate_12432130_concise subText\'\u003e\u003cspan class=\'date user-tz\' title=\'01\\/Sep\\/06 12:57\'\u003e\u003ctime class=\'livestamp\' datetime=\'2006-09-01T12:57:16+0000\'\u003e01\\/Sep\\/06 12:57\u003c\\/time\u003e\u003c\\/span\u003e\u003c\\/span\u003e                    There are many instances of the 58009 state. Here\'s the stack trace: \\n\\n java.sql.SQLException: A communications error has been detected: Broken pipe. \\n        at org.apache.derby.client.am.SQLExceptionFactory40.getSQLException(SQLExceptionFactory40.java:95) \\n        at org.apache.derby.client.am.SqlException.getSQLException(SqlException.java:345) \\n        at org.apache.derby.client.am.PreparedStatement.executeUpdate(PreparedStatement.java:389) \\n        at org.apache.derbyTesting.functionTests.tests.jdbc4.PreparedStatementTest.setBinaryStreamOnBlob(PreparedStatementTest.java:1085) \\n        at org.apache.derbyTesting.functionTests.tests.jdbc4.PreparedStatementTest.testSetBinaryStreamLengthLessOnBlobTooLong(PreparedStatementTest.java:860)        at sun.reflect.NativeMethodAccessorImpl.invoke0(Native Method) \\n        at sun.reflect.NativeMethodAccessorImpl.invoke(NativeMethodAccessorImpl.java:39) \\n        at sun.reflect.DelegatingMethodAccessorImpl.invoke(DelegatingMethodAccessorImpl.java:25) \\n        at java.lang.reflect.Method.invoke(Method.java:597) \\n        at junit.framework.TestCase.runTest(TestCase.java:154) \\n        at junit.framework.TestCase.runBare(TestCase.java:127) \\n        at org.apache.derbyTesting.junit.BaseTestCase.runBare(BaseTestCase.java:76) \\n        at junit.framework.TestResult$1.protect(TestResult.java:106) \\n        at junit.framework.TestResult.runProtected(TestResult.java:124) \\n        at junit.framework.TestResult.run(TestResult.java:109) \\n        at junit.framework.TestCase.run(TestCase.java:118) \\n        at junit.framework.TestSuite.runTest(TestSuite.java:208) \\n        at junit.framework.TestSuite.run(TestSuite.java:203) \\n        at junit.framework.TestSuite.runTest(TestSuite.java:208) \\n        at junit.framework.TestSuite.run(TestSuite.java:203) \\n        at junit.extensions.TestDecorator.basicRun(TestDecorator.java:22) \\n        at junit.extensions.TestSetup$1.protect(TestSetup.java:19) \\n        at junit.framework.TestResult.runProtected(TestResult.java:124) \\n        at junit.extensions.TestSetup.run(TestSetup.java:23) \\n        at junit.textui.TestRunner.doRun(TestRunner.java:116) \\n        at junit.textui.TestRunner.start(TestRunner.java:172) \\n        at junit.textui.TestRunner.main(TestRunner.java:138) \\nCaused by: org.apache.derby.client.am.DisconnectException: A communications error has been detected: Broken pipe. \\n        at org.apache.derby.client.net.NetAgent.throwCommunicationsFailure(NetAgent.java:408) \\n        at org.apache.derby.client.net.Request.flushScalarStreamSegment(Request.java:593) \\n        at org.apache.derby.client.net.Request.writePlainScalarStream(Request.java:478) \\n        at org.apache.derby.client.net.Request.writeScalarStream(Request.java:242) \\n        at org.apache.derby.client.net.NetStatementRequest.buildEXTDTA(NetStatementRequest.java:855) \\n        at org.apache.derby.client.net.NetStatementRequest.writeExecute(NetStatementRequest.java:145) \\n        at org.apache.derby.client.net.NetPreparedStatement.writeExecute_(NetPreparedStatement.java:172) \\n        at org.apache.derby.client.am.PreparedStatement.writeExecute(PreparedStatement.java:1557) \\n        at org.apache.derby.client.am.PreparedStatement.flowExecute(PreparedStatement.java:1803) \\n        at org.apache.derby.client.am.PreparedStatement.executeUpdateX(PreparedStatement.java:394) \\n        at org.apache.derby.client.am.PreparedStatement.executeUpdate(PreparedStatement.java:380) \\n        ... 24 more \\nCaused by: java.net.SocketException: Broken pipe \\n        at java.net.SocketOutputStream.socketWrite0(Native Method) \\n        at java.net.SocketOutputStream.socketWrite(SocketOutputStream.java:92) \\n        at java.net.SocketOutputStream.write(SocketOutputStream.java:136) \\n        at org.apache.derby.client.net.Request.sendBytes(Request.java:1221) \\n        at org.apache.derby.client.net.Request.flushScalarStreamSegment(Request.java:591) \\n        ... 33 more              \u003c\\/div\u003e\\n        \u003c\\/div\u003e\\n    \u003c\\/div\u003e\\n\u003c\\/div\u003e\\n                             \\n\\n\\n\u003cdiv id=\\\"comment-12432140\\\" class=\\\"issue-data-block activity-comment twixi-block  expanded\\\"\u003e\\n    \u003cdiv class=\\\"twixi-wrap verbose actionContainer\\\"\u003e\\n        \u003cdiv class=\\\"action-head\\\"\u003e\\n            \u003ca href=\\\"#\\\" title=\\\"Collapse comment\\\" class=\\\"twixi\\\"\u003e\u003cspan class=\\\"icon-default aui-icon aui-icon-small aui-iconfont-expanded\\\"\u003e\u003cspan\u003eHide\u003c\\/span\u003e\u003c\\/span\u003e\u003c\\/a\u003e\\n            \u003cdiv class=\\\"action-links\\\"\u003e\\n                \u003ca href=\\\"\\/jira\\/browse\\/DERBY-1800?focusedCommentId=12432140&page=com.atlassian.jira.plugin.system.issuetabpanels:comment-tabpanel#comment-12432140\\\"\\n                   title=\\\"Right click and copy link for a permanent link to this comment.\\\" class=\\\"activitymodule-link issue-comment-action\\\"\u003e\\n                    \u003cspan class=\\\"icon-default aui-icon aui-icon-small aui-iconfont-link\\\"\u003ePermalink\u003c\\/span\u003e\u003c\\/a\u003e\\n                                            \u003c\\/div\u003e\\n            \u003cdiv class=\\\"action-details\\\"\u003e        \\n    \\n    \\n    \\n                \\n\\n    \u003ca class=\\\"user-hover user-avatar\\\" rel=\\\"andreask\\\" id=\\\"commentauthor_12432140_verbose\\\" href=\\\"\\/jira\\/secure\\/ViewProfile.jspa?name=andreask\\\"\u003e\u003cspan class=\\\"aui-avatar aui-avatar-xsmall\\\"\u003e\u003cspan class=\\\"aui-avatar-inner\\\"\u003e\u003cimg src=\\\"https:\\/\\/issues.apache.org\\/jira\\/secure\\/useravatar?size=xsmall&amp;avatarId=10452\\\" alt=\\\"andreask\\\" \\/\u003e\u003c\\/span\u003e\u003c\\/span\u003e Andreas Korneliussen\u003c\\/a\u003e\\n added a comment  - \u003cspan class=\'commentdate_12432140_verbose subText\'\u003e\u003cspan class=\'date user-tz\' title=\'01\\/Sep\\/06 13:40\'\u003e\u003ctime class=\'livestamp\' datetime=\'2006-09-01T13:40:31+0000\'\u003e01\\/Sep\\/06 13:40\u003c\\/time\u003e\u003c\\/span\u003e\u003c\\/span\u003e  \u003c\\/div\u003e\\n        \u003c\\/div\u003e\\n        \u003cdiv class=\\\"action-body flooded\\\"\u003e\u003cp\u003eI will check if this is caused by \u003ca href=\\\"https:\\/\\/issues.apache.org\\/jira\\/browse\\/DERBY-1559\\\" title=\\\"when receiving a single EXTDTA object representing a BLOB, the server do not need to read it into memory before inserting it into the DB\\\" class=\\\"issue-link\\\" data-issue-key=\\\"DERBY-1559\\\"\u003e\u003cdel\u003eDERBY-1559\u003c\\/del\u003e\u003c\\/a\u003e, and if that is the case, fix the issue.\u003c\\/p\u003e \u003c\\/div\u003e\\n    \u003c\\/div\u003e\\n    \u003cdiv class=\\\"twixi-wrap concise actionContainer\\\"\u003e\\n        \u003cdiv class=\\\"action-head\\\"\u003e\\n            \u003ca href=\\\"#\\\" title=\\\"Expand comment\\\" class=\\\"twixi\\\"\u003e\u003cspan class=\\\"icon-default aui-icon aui-icon-small aui-iconfont-collapsed\\\"\u003e\u003cspan\u003eShow\u003c\\/span\u003e\u003c\\/span\u003e\u003c\\/a\u003e\\n            \u003cdiv class=\\\"action-details flooded\\\"\u003e\\n                        \\n    \\n    \\n    \\n                \\n\\n    \u003ca class=\\\"user-hover user-avatar\\\" rel=\\\"andreask\\\" id=\\\"commentauthor_12432140_concise\\\" href=\\\"\\/jira\\/secure\\/ViewProfile.jspa?name=andreask\\\"\u003e\u003cspan class=\\\"aui-avatar aui-avatar-xsmall\\\"\u003e\u003cspan class=\\\"aui-avatar-inner\\\"\u003e\u003cimg src=\\\"https:\\/\\/issues.apache.org\\/jira\\/secure\\/useravatar?size=xsmall&amp;avatarId=10452\\\" alt=\\\"andreask\\\" \\/\u003e\u003c\\/span\u003e\u003c\\/span\u003e Andreas Korneliussen\u003c\\/a\u003e\\n added a comment  - \u003cspan class=\'commentdate_12432140_concise subText\'\u003e\u003cspan class=\'date user-tz\' title=\'01\\/Sep\\/06 13:40\'\u003e\u003ctime class=\'livestamp\' datetime=\'2006-09-01T13:40:31+0000\'\u003e01\\/Sep\\/06 13:40\u003c\\/time\u003e\u003c\\/span\u003e\u003c\\/span\u003e                    I will check if this is caused by   DERBY-1559  , and if that is the case, fix the issue.              \u003c\\/div\u003e\\n        \u003c\\/div\u003e\\n    \u003c\\/div\u003e\\n\u003c\\/div\u003e\\n                             \\n\\n\\n\u003cdiv id=\\\"comment-12432459\\\" class=\\\"issue-data-block activity-comment twixi-block  expanded\\\"\u003e\\n    \u003cdiv class=\\\"twixi-wrap verbose actionContainer\\\"\u003e\\n        \u003cdiv class=\\\"action-head\\\"\u003e\\n            \u003ca href=\\\"#\\\" title=\\\"Collapse comment\\\" class=\\\"twixi\\\"\u003e\u003cspan class=\\\"icon-default aui-icon aui-icon-small aui-iconfont-expanded\\\"\u003e\u003cspan\u003eHide\u003c\\/span\u003e\u003c\\/span\u003e\u003c\\/a\u003e\\n            \u003cdiv class=\\\"action-links\\\"\u003e\\n                \u003ca href=\\\"\\/jira\\/browse\\/DERBY-1800?focusedCommentId=12432459&page=com.atlassian.jira.plugin.system.issuetabpanels:comment-tabpanel#comment-12432459\\\"\\n                   title=\\\"Right click and copy link for a permanent link to this comment.\\\" class=\\\"activitymodule-link issue-comment-action\\\"\u003e\\n                    \u003cspan class=\\\"icon-default aui-icon aui-icon-small aui-iconfont-link\\\"\u003ePermalink\u003c\\/span\u003e\u003c\\/a\u003e\\n                                            \u003c\\/div\u003e\\n            \u003cdiv class=\\\"action-details\\\"\u003e        \\n    \\n    \\n    \\n                \\n\\n    \u003ca class=\\\"user-hover user-avatar\\\" rel=\\\"andreask\\\" id=\\\"commentauthor_12432459_verbose\\\" href=\\\"\\/jira\\/secure\\/ViewProfile.jspa?name=andreask\\\"\u003e\u003cspan class=\\\"aui-avatar aui-avatar-xsmall\\\"\u003e\u003cspan class=\\\"aui-avatar-inner\\\"\u003e\u003cimg src=\\\"https:\\/\\/issues.apache.org\\/jira\\/secure\\/useravatar?size=xsmall&amp;avatarId=10452\\\" alt=\\\"andreask\\\" \\/\u003e\u003c\\/span\u003e\u003c\\/span\u003e Andreas Korneliussen\u003c\\/a\u003e\\n added a comment  - \u003cspan class=\'commentdate_12432459_verbose subText\'\u003e\u003cspan class=\'date user-tz\' title=\'04\\/Sep\\/06 09:09\'\u003e\u003ctime class=\'livestamp\' datetime=\'2006-09-04T09:09:55+0000\'\u003e04\\/Sep\\/06 09:09\u003c\\/time\u003e\u003c\\/span\u003e\u003c\\/span\u003e  \u003c\\/div\u003e\\n        \u003c\\/div\u003e\\n        \u003cdiv class=\\\"action-body flooded\\\"\u003e\u003cp\u003eThe problem is caused by not flushing the blob data after an exception occurs.\u003cbr\\/\u003e\\nAttached patch makes the test pass. I will test the patch more before committing.\u003c\\/p\u003e \u003c\\/div\u003e\\n    \u003c\\/div\u003e\\n    \u003cdiv class=\\\"twixi-wrap concise actionContainer\\\"\u003e\\n        \u003cdiv class=\\\"action-head\\\"\u003e\\n            \u003ca href=\\\"#\\\" title=\\\"Expand comment\\\" class=\\\"twixi\\\"\u003e\u003cspan class=\\\"icon-default aui-icon aui-icon-small aui-iconfont-collapsed\\\"\u003e\u003cspan\u003eShow\u003c\\/span\u003e\u003c\\/span\u003e\u003c\\/a\u003e\\n            \u003cdiv class=\\\"action-details flooded\\\"\u003e\\n                        \\n    \\n    \\n    \\n                \\n\\n    \u003ca class=\\\"user-hover user-avatar\\\" rel=\\\"andreask\\\" id=\\\"commentauthor_12432459_concise\\\" href=\\\"\\/jira\\/secure\\/ViewProfile.jspa?name=andreask\\\"\u003e\u003cspan class=\\\"aui-avatar aui-avatar-xsmall\\\"\u003e\u003cspan class=\\\"aui-avatar-inner\\\"\u003e\u003cimg src=\\\"https:\\/\\/issues.apache.org\\/jira\\/secure\\/useravatar?size=xsmall&amp;avatarId=10452\\\" alt=\\\"andreask\\\" \\/\u003e\u003c\\/span\u003e\u003c\\/span\u003e Andreas Korneliussen\u003c\\/a\u003e\\n added a comment  - \u003cspan class=\'commentdate_12432459_concise subText\'\u003e\u003cspan class=\'date user-tz\' title=\'04\\/Sep\\/06 09:09\'\u003e\u003ctime class=\'livestamp\' datetime=\'2006-09-04T09:09:55+0000\'\u003e04\\/Sep\\/06 09:09\u003c\\/time\u003e\u003c\\/span\u003e\u003c\\/span\u003e                    The problem is caused by not flushing the blob data after an exception occurs. \\nAttached patch makes the test pass. I will test the patch more before committing.              \u003c\\/div\u003e\\n        \u003c\\/div\u003e\\n    \u003c\\/div\u003e\\n\u003c\\/div\u003e\\n                             \\n\\n\\n\u003cdiv id=\\\"comment-12432508\\\" class=\\\"issue-data-block activity-comment twixi-block  expanded\\\"\u003e\\n    \u003cdiv class=\\\"twixi-wrap verbose actionContainer\\\"\u003e\\n        \u003cdiv class=\\\"action-head\\\"\u003e\\n            \u003ca href=\\\"#\\\" title=\\\"Collapse comment\\\" class=\\\"twixi\\\"\u003e\u003cspan class=\\\"icon-default aui-icon aui-icon-small aui-iconfont-expanded\\\"\u003e\u003cspan\u003eHide\u003c\\/span\u003e\u003c\\/span\u003e\u003c\\/a\u003e\\n            \u003cdiv class=\\\"action-links\\\"\u003e\\n                \u003ca href=\\\"\\/jira\\/browse\\/DERBY-1800?focusedCommentId=12432508&page=com.atlassian.jira.plugin.system.issuetabpanels:comment-tabpanel#comment-12432508\\\"\\n                   title=\\\"Right click and copy link for a permanent link to this comment.\\\" class=\\\"activitymodule-link issue-comment-action\\\"\u003e\\n                    \u003cspan class=\\\"icon-default aui-icon aui-icon-small aui-iconfont-link\\\"\u003ePermalink\u003c\\/span\u003e\u003c\\/a\u003e\\n                                            \u003c\\/div\u003e\\n            \u003cdiv class=\\\"action-details\\\"\u003e        \\n    \\n    \\n    \\n                \\n\\n    \u003ca class=\\\"user-hover user-avatar\\\" rel=\\\"andreask\\\" id=\\\"commentauthor_12432508_verbose\\\" href=\\\"\\/jira\\/secure\\/ViewProfile.jspa?name=andreask\\\"\u003e\u003cspan class=\\\"aui-avatar aui-avatar-xsmall\\\"\u003e\u003cspan class=\\\"aui-avatar-inner\\\"\u003e\u003cimg src=\\\"https:\\/\\/issues.apache.org\\/jira\\/secure\\/useravatar?size=xsmall&amp;avatarId=10452\\\" alt=\\\"andreask\\\" \\/\u003e\u003c\\/span\u003e\u003c\\/span\u003e Andreas Korneliussen\u003c\\/a\u003e\\n added a comment  - \u003cspan class=\'commentdate_12432508_verbose subText\'\u003e\u003cspan class=\'date user-tz\' title=\'04\\/Sep\\/06 12:58\'\u003e\u003ctime class=\'livestamp\' datetime=\'2006-09-04T12:58:25+0000\'\u003e04\\/Sep\\/06 12:58\u003c\\/time\u003e\u003c\\/span\u003e\u003c\\/span\u003e  \u003c\\/div\u003e\\n        \u003c\\/div\u003e\\n        \u003cdiv class=\\\"action-body flooded\\\"\u003e\u003cp\u003eTests shows that the failure has been fixed. Derbyall passes. Running the jdbc40 suite, fails with more or less the same erros on client and embedded, indicating that those failures are not related to this fix, or \u003ca href=\\\"https:\\/\\/issues.apache.org\\/jira\\/browse\\/DERBY-1559\\\" title=\\\"when receiving a single EXTDTA object representing a BLOB, the server do not need to read it into memory before inserting it into the DB\\\" class=\\\"issue-link\\\" data-issue-key=\\\"DERBY-1559\\\"\u003e\u003cdel\u003eDERBY-1559\u003c\\/del\u003e\u003c\\/a\u003e.\u003c\\/p\u003e\\n\\n\u003cp\u003eJDBC40_EMBEDDED:\u003c\\/p\u003e\\n\\n\u003cp\u003eGenerating report for RunSuite jdbc40  null null null true \u003cbr\\/\u003e\\n------------------ Java Information ------------------\u003cbr\\/\u003e\\nJava Version:    1.6.0-rc\u003cbr\\/\u003e\\nJava Vendor:     Sun Microsystems Inc.\u003cbr\\/\u003e\\nJava home:       \\/usr\\/local\\/java\\/jdk1.6.0_b98\\/jre\u003cbr\\/\u003e\\nJava classpath:  \\/export\\/home\\/tmp\\/ak136785\\/derbyall-20060904-1131-438476-438489M\\/jars\\/derby.jar:\\/export\\/home\\/tmp\\/ak136785\\/derbyall-20060904-1131-438476-438489M\\/jars\\/derbyLocale_de_DE.jar:\\/export\\/home\\/tmp\\/ak136785\\/derbyall-20060904-1131-438476-438489M\\/jars\\/derbyLocale_es.jar:\\/export\\/home\\/tmp\\/ak136785\\/derbyall-20060904-1131-438476-438489M\\/jars\\/derbyLocale_fr.jar:\\/export\\/home\\/tmp\\/ak136785\\/derbyall-20060904-1131-438476-438489M\\/jars\\/derbyLocale_it.jar:\\/export\\/home\\/tmp\\/ak136785\\/derbyall-20060904-1131-438476-438489M\\/jars\\/derbyLocale_ja_JP.jar:\\/export\\/home\\/tmp\\/ak136785\\/derbyall-20060904-1131-438476-438489M\\/jars\\/derbyLocale_ko_KR.jar:\\/export\\/home\\/tmp\\/ak136785\\/derbyall-20060904-1131-438476-438489M\\/jars\\/derbyLocale_pt_BR.jar:\\/export\\/home\\/tmp\\/ak136785\\/derbyall-20060904-1131-438476-438489M\\/jars\\/derbyLocale_zh_CN.jar:\\/export\\/home\\/tmp\\/ak136785\\/derbyall-20060904-1131-438476-438489M\\/jars\\/derbyLocale_zh_TW.jar:\\/export\\/home\\/tmp\\/ak136785\\/derbyall-20060904-1131-438476-438489M\\/jars\\/derbyTesting.jar:\\/expor\u003cbr\\/\u003e\\nOS name:         SunOS\u003cbr\\/\u003e\\nOS architecture: x86\u003cbr\\/\u003e\\nOS version:      5.10\u003cbr\\/\u003e\\nJava user name:  ak136785\u003cbr\\/\u003e\\nJava user home:  \\/home\\/ak136785\u003cbr\\/\u003e\\nJava user dir:   \\/export\\/home\\/tmp\\/ak136785\\/derbyall-20060904-1131-438476-438489M\\/jdbc40_embedded\u003cbr\\/\u003e\\njava.specification.name: Java Platform API Specification\u003cbr\\/\u003e\\njava.specification.version: 1.6\u003cbr\\/\u003e\\n--------- Derby Information --------\u003cbr\\/\u003e\\nJRE - JDBC: Java SE 6 - JDBC 4.0\u003cbr\\/\u003e\\n\u003cspan class=\\\"error\\\"\u003e&#91;\\/export\\/home\\/tmp\\/ak136785\\/derbyall-20060904-1131-438476-438489M\\/jars\\/derby.jar&#93;\u003c\\/span\u003e 10.3.0.0 alpha - (438476:438489M)\u003cbr\\/\u003e\\n\u003cspan class=\\\"error\\\"\u003e&#91;\\/export\\/home\\/tmp\\/ak136785\\/derbyall-20060904-1131-438476-438489M\\/jars\\/derbytools.jar&#93;\u003c\\/span\u003e 10.3.0.0 alpha - (438476:438489M)\u003cbr\\/\u003e\\n\u003cspan class=\\\"error\\\"\u003e&#91;\\/export\\/home\\/tmp\\/ak136785\\/derbyall-20060904-1131-438476-438489M\\/jars\\/derbynet.jar&#93;\u003c\\/span\u003e 10.3.0.0 alpha - (438476:438489M)\u003cbr\\/\u003e\\n\u003cspan class=\\\"error\\\"\u003e&#91;\\/export\\/home\\/tmp\\/ak136785\\/derbyall-20060904-1131-438476-438489M\\/jars\\/derbyclient.jar&#93;\u003c\\/span\u003e 10.3.0.0 alpha - (438476:438489M)\u003cbr\\/\u003e\\n\u003cspan class=\\\"error\\\"\u003e&#91;\\/export\\/home\\/tmp\\/ak136785\\/derbyall-20060904-1131-438476-438489M\\/jars\\/jcc\\/db2jcc.jar&#93;\u003c\\/span\u003e 2.4 - (17)\u003cbr\\/\u003e\\n\u003cspan class=\\\"error\\\"\u003e&#91;\\/export\\/home\\/tmp\\/ak136785\\/derbyall-20060904-1131-438476-438489M\\/jars\\/jcc\\/db2jcc_license_c.jar&#93;\u003c\\/span\u003e 2.4 - (17)\u003cbr\\/\u003e\\n------------------------------------------------------\u003cbr\\/\u003e\\n----------------- Locale Information -----------------\u003cbr\\/\u003e\\nCurrent Locale :  [English\\/United States \u003cspan class=\\\"error\\\"\u003e&#91;en_US&#93;\u003c\\/span\u003e]\u003cbr\\/\u003e\\nFound support for locale: \u003cspan class=\\\"error\\\"\u003e&#91;de_DE&#93;\u003c\\/span\u003e\u003cbr\\/\u003e\\n\\t version: 10.3.0.0 alpha - (438476:438489M)\u003cbr\\/\u003e\\nFound support for locale: \u003cspan class=\\\"error\\\"\u003e&#91;es&#93;\u003c\\/span\u003e\u003cbr\\/\u003e\\n\\t version: 10.3.0.0 alpha - (438476:438489M)\u003cbr\\/\u003e\\nFound support for locale: \u003cspan class=\\\"error\\\"\u003e&#91;fr&#93;\u003c\\/span\u003e\u003cbr\\/\u003e\\n\\t version: 10.3.0.0 alpha - (438476:438489M)\u003cbr\\/\u003e\\nFound support for locale: \u003cspan class=\\\"error\\\"\u003e&#91;it&#93;\u003c\\/span\u003e\u003cbr\\/\u003e\\n\\t version: 10.3.0.0 alpha - (438476:438489M)\u003cbr\\/\u003e\\nFound support for locale: \u003cspan class=\\\"error\\\"\u003e&#91;ja_JP&#93;\u003c\\/span\u003e\u003cbr\\/\u003e\\n\\t version: 10.3.0.0 alpha - (438476:438489M)\u003cbr\\/\u003e\\nFound support for locale: \u003cspan class=\\\"error\\\"\u003e&#91;ko_KR&#93;\u003c\\/span\u003e\u003cbr\\/\u003e\\n\\t version: 10.3.0.0 alpha - (438476:438489M)\u003cbr\\/\u003e\\nFound support for locale: \u003cspan class=\\\"error\\\"\u003e&#91;pt_BR&#93;\u003c\\/span\u003e\u003cbr\\/\u003e\\n\\t version: 10.3.0.0 alpha - (438476:438489M)\u003cbr\\/\u003e\\nFound support for locale: \u003cspan class=\\\"error\\\"\u003e&#91;zh_CN&#93;\u003c\\/span\u003e\u003cbr\\/\u003e\\n\\t version: 10.3.0.0 alpha - (438476:438489M)\u003cbr\\/\u003e\\nFound support for locale: \u003cspan class=\\\"error\\\"\u003e&#91;zh_TW&#93;\u003c\\/span\u003e\u003cbr\\/\u003e\\n\\t version: 10.3.0.0 alpha - (438476:438489M)\u003cbr\\/\u003e\\n------------------------------------------------------\u003cbr\\/\u003e\\nTest environment information:\u003cbr\\/\u003e\\nCOMMAND LINE STYLE: jdk13\u003cbr\\/\u003e\\nTEST CANONS: master\u003cbr\\/\u003e\\n------------------------------------------------------\u003cbr\\/\u003e\\n------------------------------------------------------\u003cbr\\/\u003e\\nSummary results:\u003c\\/p\u003e\\n\\n\u003cp\u003eTest Run Started: 2006-09-04 14:05:59.0\u003cbr\\/\u003e\\nTest Run Duration: 00:02:19\u003c\\/p\u003e\\n\\n\u003cp\u003e10 Tests Run\u003cbr\\/\u003e\\n90% Pass (9 tests passed)\u003cbr\\/\u003e\\n10% Fail (1 tests failed)\u003cbr\\/\u003e\\n0 Suites skipped\u003cbr\\/\u003e\\n------------------------------------------------------\u003cbr\\/\u003e\\nFailed tests in: jdbc40_fail.txt\u003cbr\\/\u003e\\n------------------------------------------------------\u003cbr\\/\u003e\\nPassed tests in: jdbc40_pass.txt\u003cbr\\/\u003e\\n------------------------------------------------------\u003cbr\\/\u003e\\nSystem properties in: jdbc40_prop.txt\u003cbr\\/\u003e\\n------------------------------------------------------\u003cbr\\/\u003e\\n------------------------------------------------------\u003cbr\\/\u003e\\nFailure Details:\u003c\\/p\u003e\\n\u003cul\u003e\\n\\t\u003cli\u003e\\n\\t\u003cul\u003e\\n\\t\\t\u003cli\u003e\\n\\t\\t\u003cul\u003e\\n\\t\\t\\t\u003cli\u003e\\n\\t\\t\\t\u003cul\u003e\\n\\t\\t\\t\\t\u003cli\u003e\\n\\t\\t\\t\\t\u003cul\u003e\\n\\t\\t\\t\\t\\t\u003cli\u003e\\n\\t\\t\\t\\t\\t\u003cul\u003e\\n\\t\\t\\t\\t\\t\\t\u003cli\u003e\\n\\t\\t\\t\\t\\t\\t\u003cul\u003e\\n\\t\\t\\t\\t\\t\\t\\t\u003cli\u003e\\n\\t\\t\\t\\t\\t\\t\\t\u003cul\u003e\\n\\t\\t\\t\\t\\t\\t\\t\\t\u003cli\u003e\\n\\t\\t\\t\\t\\t\\t\\t\\t\u003cul\u003e\\n\\t\\t\\t\\t\\t\\t\\t\\t\\t\u003cli\u003eDiff file jdbc40\\/jdbc40\\/_Suite.diff\u003c\\/li\u003e\\n\\t\\t\\t\\t\\t\\t\\t\\t\u003c\\/ul\u003e\\n\\t\\t\\t\\t\\t\\t\\t\\t\u003c\\/li\u003e\\n\\t\\t\\t\\t\\t\\t\\t\u003c\\/ul\u003e\\n\\t\\t\\t\\t\\t\\t\\t\u003c\\/li\u003e\\n\\t\\t\\t\\t\\t\\t\u003c\\/ul\u003e\\n\\t\\t\\t\\t\\t\\t\u003c\\/li\u003e\\n\\t\\t\\t\\t\\t\u003c\\/ul\u003e\\n\\t\\t\\t\\t\\t\u003c\\/li\u003e\\n\\t\\t\\t\\t\u003c\\/ul\u003e\\n\\t\\t\\t\\t\u003c\\/li\u003e\\n\\t\\t\\t\u003c\\/ul\u003e\\n\\t\\t\\t\u003c\\/li\u003e\\n\\t\\t\\t\u003cli\u003eStart: _Suite jdk1.6.0-rc jdbc40:jdbc40 2006-09-04 14:08:02 ***\u003cbr\\/\u003e\\n0 add\u003cbr\\/\u003e\\n&gt; &gt; .......E.E.E.E.E.E.E.E.....E.E.E.E...................\u003cbr\\/\u003e\\n&gt; &gt; ..............................F..F.F.F.......\u003cbr\\/\u003e\\n&gt; &gt; ........E.E.E.E.E.E.E.E.....E.E.E.E..................\u003cbr\\/\u003e\\n&gt; &gt; There were 24 errors:\u003cbr\\/\u003e\\n&gt; &gt; 1) testUnsupportedSetObject_NCHAR(org.apache.derbyTesting.functionTests.tests.jdbc4.SetObjectUnsupportedTest)java.sql.SQLException: An attempt was made to get a data value of type \'VARCHAR\' from a data value of type \'-15\'.\u003cbr\\/\u003e\\n&gt; &gt; Caused by: java.sql.SQLException: An attempt was made to get a data value of type \'VARCHAR\' from a data value of type \'-15\'.\u003cbr\\/\u003e\\n&gt; &gt; \\t... 33 more\u003cbr\\/\u003e\\n&gt; &gt; 2) testUnsupportedSetObjectWithScale_NCHAR(org.apache.derbyTesting.functionTests.tests.jdbc4.SetObjectUnsupportedTest)java.sql.SQLException: An attempt was made to get a data value of type \'VARCHAR\' from a data value of type \'-15\'.\u003cbr\\/\u003e\\n&gt; &gt; Caused by: java.sql.SQLException: An attempt was made to get a data value of type \'VARCHAR\' from a data value of type \'-15\'.\u003cbr\\/\u003e\\n&gt; &gt; \\t... 32 more\u003cbr\\/\u003e\\n&gt; &gt; 3) testUnsupportedSetNull_NCHAR(org.apache.derbyTesting.functionTests.tests.jdbc4.SetObjectUnsupportedTest)java.sql.SQLException: An attempt was made to get a data value of type \'VARCHAR\' from a data value of type \'-15\'.\u003cbr\\/\u003e\\n&gt; &gt; Caused by: java.sql.SQLException: An attempt was made to get a data value of type \'VARCHAR\' from a data value of type \'-15\'.\u003cbr\\/\u003e\\n&gt; &gt; \\t... 31 more\u003cbr\\/\u003e\\n&gt; &gt; 4) testUnsupportedSetNullWithTypeName_NCHAR(org.apache.derbyTesting.functionTests.tests.jdbc4.SetObjectUnsupportedTest)java.sql.SQLException: An attempt was made to get a data value of type \'VARCHAR\' from a data value of type \'-15\'.\u003cbr\\/\u003e\\n&gt; &gt; Caused by: java.sql.SQLException: An attempt was made to get a data value of type \'VARCHAR\' from a data value of type \'-15\'.\u003cbr\\/\u003e\\n&gt; &gt; \\t... 32 more\u003cbr\\/\u003e\\n&gt; &gt; 5) testUnsupportedSetObject_NCLOB(org.apache.derbyTesting.functionTests.tests.jdbc4.SetObjectUnsupportedTest)java.sql.SQLException: An attempt was made to get a data value of type \'VARCHAR\' from a data value of type \'2011\'.\u003cbr\\/\u003e\\n&gt; &gt; Caused by: java.sql.SQLException: An attempt was made to get a data value of type \'VARCHAR\' from a data value of type \'2011\'.\u003cbr\\/\u003e\\n&gt; &gt; \\t... 33 more\u003cbr\\/\u003e\\n&gt; &gt; 6) testUnsupportedSetObjectWithScale_NCLOB(org.apache.derbyTesting.functionTests.tests.jdbc4.SetObjectUnsupportedTest)java.sql.SQLException: An attempt was made to get a data value of type \'VARCHAR\' from a data value of type \'2011\'.\u003cbr\\/\u003e\\n&gt; &gt; Caused by: java.sql.SQLException: An attempt was made to get a data value of type \'VARCHAR\' from a data value of type \'2011\'.\u003cbr\\/\u003e\\n&gt; &gt; \\t... 32 more\u003cbr\\/\u003e\\n&gt; &gt; 7) testUnsupportedSetNull_NCLOB(org.apache.derbyTesting.functionTests.tests.jdbc4.SetObjectUnsupportedTest)java.sql.SQLException: An attempt was made to get a data value of type \'VARCHAR\' from a data value of type \'2011\'.\u003cbr\\/\u003e\\n&gt; &gt; Caused by: java.sql.SQLException: An attempt was made to get a data value of type \'VARCHAR\' from a data value of type \'2011\'.\u003cbr\\/\u003e\\n&gt; &gt; \\t... 31 more\u003cbr\\/\u003e\\n&gt; &gt; 8) testUnsupportedSetNullWithTypeName_NCLOB(org.apache.derbyTesting.functionTests.tests.jdbc4.SetObjectUnsupportedTest)java.sql.SQLException: An attempt was made to get a data value of type \'VARCHAR\' from a data value of type \'2011\'.\u003cbr\\/\u003e\\n&gt; &gt; Caused by: java.sql.SQLException: An attempt was made to get a data value of type \'VARCHAR\' from a data value of type \'2011\'.\u003cbr\\/\u003e\\n&gt; &gt; \\t... 32 more\u003cbr\\/\u003e\\n&gt; &gt; 9) testUnsupportedSetObject_LONGNVARCHAR(org.apache.derbyTesting.functionTests.tests.jdbc4.SetObjectUnsupportedTest)java.sql.SQLException: An attempt was made to get a data value of type \'VARCHAR\' from a data value of type \'-16\'.\u003cbr\\/\u003e\\n&gt; &gt; Caused by: java.sql.SQLException: An attempt was made to get a data value of type \'VARCHAR\' from a data value of type \'-16\'.\u003cbr\\/\u003e\\n&gt; &gt; \\t... 33 more\u003cbr\\/\u003e\\n&gt; &gt; 10) testUnsupportedSetObjectWithScale_LONGNVARCHAR(org.apache.derbyTesting.functionTests.tests.jdbc4.SetObjectUnsupportedTest)java.sql.SQLException: An attempt was made to get a data value of type \'VARCHAR\' from a data value of type \'-16\'.\u003cbr\\/\u003e\\n&gt; &gt; Caused by: java.sql.SQLException: An attempt was made to get a data value of type \'VARCHAR\' from a data value of type \'-16\'.\u003cbr\\/\u003e\\n&gt; &gt; \\t... 32 more\u003cbr\\/\u003e\\n&gt; &gt; 11) testUnsupportedSetNull_LONGNVARCHAR(org.apache.derbyTesting.functionTests.tests.jdbc4.SetObjectUnsupportedTest)java.sql.SQLException: An attempt was made to get a data value of type \'VARCHAR\' from a data value of type \'-16\'.\u003cbr\\/\u003e\\n&gt; &gt; Caused by: java.sql.SQLException: An attempt was made to get a data value of type \'VARCHAR\' from a data value of type \'-16\'.\u003cbr\\/\u003e\\n&gt; &gt; \\t... 31 more\u003cbr\\/\u003e\\n&gt; &gt; 12) testUnsupportedSetNullWithTypeName_LONGNVARCHAR(org.apache.derbyTesting.functionTests.tests.jdbc4.SetObjectUnsupportedTest)java.sql.SQLException: An attempt was made to get a data value of type \'VARCHAR\' from a data value of type \'-16\'.\u003cbr\\/\u003e\\n&gt; &gt; Caused by: java.sql.SQLException: An attempt was made to get a data value of type \'VARCHAR\' from a data value of type \'-16\'.\u003cbr\\/\u003e\\n&gt; &gt; \\t... 32 more\u003cbr\\/\u003e\\n&gt; &gt; 13) testUnsupportedSetObject_NCHAR(org.apache.derbyTesting.functionTests.tests.jdbc4.SetObjectUnsupportedTest)java.sql.SQLException: An attempt was made to get a data value of type \'VARCHAR\' from a data value of type \'-15\'.\u003cbr\\/\u003e\\n&gt; &gt; Caused by: java.sql.SQLException: An attempt was made to get a data value of type \'VARCHAR\' from a data value of type \'-15\'.\u003cbr\\/\u003e\\n&gt; &gt; \\t... 37 more\u003cbr\\/\u003e\\n&gt; &gt; 14) testUnsupportedSetObjectWithScale_NCHAR(org.apache.derbyTesting.functionTests.tests.jdbc4.SetObjectUnsupportedTest)java.sql.SQLException: An attempt was made to get a data value of type \'VARCHAR\' from a data value of type \'-15\'.\u003cbr\\/\u003e\\n&gt; &gt; Caused by: java.sql.SQLException: An attempt was made to get a data value of type \'VARCHAR\' from a data value of type \'-15\'.\u003cbr\\/\u003e\\n&gt; &gt; \\t... 36 more\u003cbr\\/\u003e\\n&gt; &gt; 15) testUnsupportedSetNull_NCHAR(org.apache.derbyTesting.functionTests.tests.jdbc4.SetObjectUnsupportedTest)java.sql.SQLException: An attempt was made to get a data value of type \'VARCHAR\' from a data value of type \'-15\'.\u003cbr\\/\u003e\\n&gt; &gt; Caused by: java.sql.SQLException: An attempt was made to get a data value of type \'VARCHAR\' from a data value of type \'-15\'.\u003cbr\\/\u003e\\n&gt; &gt; \\t... 35 more\u003cbr\\/\u003e\\n&gt; &gt; 16) testUnsupportedSetNullWithTypeName_NCHAR(org.apache.derbyTesting.functionTests.tests.jdbc4.SetObjectUnsupportedTest)java.sql.SQLException: An attempt was made to get a data value of type \'VARCHAR\' from a data value of type \'-15\'.\u003cbr\\/\u003e\\n&gt; &gt; Caused by: java.sql.SQLException: An attempt was made to get a data value of type \'VARCHAR\' from a data value of type \'-15\'.\u003cbr\\/\u003e\\n&gt; &gt; \\t... 36 more\u003cbr\\/\u003e\\n&gt; &gt; 17) testUnsupportedSetObject_NCLOB(org.apache.derbyTesting.functionTests.tests.jdbc4.SetObjectUnsupportedTest)java.sql.SQLException: An attempt was made to get a data value of type \'VARCHAR\' from a data value of type \'2011\'.\u003cbr\\/\u003e\\n&gt; &gt; Caused by: java.sql.SQLException: An attempt was made to get a data value of type \'VARCHAR\' from a data value of type \'2011\'.\u003cbr\\/\u003e\\n&gt; &gt; \\t... 37 more\u003cbr\\/\u003e\\n&gt; &gt; 18) testUnsupportedSetObjectWithScale_NCLOB(org.apache.derbyTesting.functionTests.tests.jdbc4.SetObjectUnsupportedTest)java.sql.SQLException: An attempt was made to get a data value of type \'VARCHAR\' from a data value of type \'2011\'.\u003cbr\\/\u003e\\n&gt; &gt; Caused by: java.sql.SQLException: An attempt was made to get a data value of type \'VARCHAR\' from a data value of type \'2011\'.\u003cbr\\/\u003e\\n&gt; &gt; \\t... 36 more\u003cbr\\/\u003e\\n&gt; &gt; 19) testUnsupportedSetNull_NCLOB(org.apache.derbyTesting.functionTests.tests.jdbc4.SetObjectUnsupportedTest)java.sql.SQLException: An attempt was made to get a data value of type \'VARCHAR\' from a data value of type \'2011\'.\u003cbr\\/\u003e\\n&gt; &gt; Caused by: java.sql.SQLException: An attempt was made to get a data value of type \'VARCHAR\' from a data value of type \'2011\'.\u003cbr\\/\u003e\\n&gt; &gt; \\t... 35 more\u003cbr\\/\u003e\\n&gt; &gt; 20) testUnsupportedSetNullWithTypeName_NCLOB(org.apache.derbyTesting.functionTests.tests.jdbc4.SetObjectUnsupportedTest)java.sql.SQLException: An attempt was made to get a data value of type \'VARCHAR\' from a data value of type \'2011\'.\u003cbr\\/\u003e\\n&gt; &gt; Caused by: java.sql.SQLException: An attempt was made to get a data value of type \'VARCHAR\' from a data value of type \'2011\'.\u003cbr\\/\u003e\\n&gt; &gt; \\t... 36 more\u003cbr\\/\u003e\\n&gt; &gt; 21) testUnsupportedSetObject_LONGNVARCHAR(org.apache.derbyTesting.functionTests.tests.jdbc4.SetObjectUnsupportedTest)java.sql.SQLException: An attempt was made to get a data value of type \'VARCHAR\' from a data value of type \'-16\'.\u003cbr\\/\u003e\\n&gt; &gt; Caused by: java.sql.SQLException: An attempt was made to get a data value of type \'VARCHAR\' from a data value of type \'-16\'.\u003cbr\\/\u003e\\n&gt; &gt; \\t... 37 more\u003cbr\\/\u003e\\n&gt; &gt; 22) testUnsupportedSetObjectWithScale_LONGNVARCHAR(org.apache.derbyTesting.functionTests.tests.jdbc4.SetObjectUnsupportedTest)java.sql.SQLException: An attempt was made to get a data value of type \'VARCHAR\' from a data value of type \'-16\'.\u003cbr\\/\u003e\\n&gt; &gt; Caused by: java.sql.SQLException: An attempt was made to get a data value of type \'VARCHAR\' from a data value of type \'-16\'.\u003cbr\\/\u003e\\n&gt; &gt; \\t... 36 more\u003cbr\\/\u003e\\n&gt; &gt; 23) testUnsupportedSetNull_LONGNVARCHAR(org.apache.derbyTesting.functionTests.tests.jdbc4.SetObjectUnsupportedTest)java.sql.SQLException: An attempt was made to get a data value of type \'VARCHAR\' from a data value of type \'-16\'.\u003cbr\\/\u003e\\n&gt; &gt; Caused by: java.sql.SQLException: An attempt was made to get a data value of type \'VARCHAR\' from a data value of type \'-16\'.\u003cbr\\/\u003e\\n&gt; &gt; \\t... 35 more\u003cbr\\/\u003e\\n&gt; &gt; 24) testUnsupportedSetNullWithTypeName_LONGNVARCHAR(org.apache.derbyTesting.functionTests.tests.jdbc4.SetObjectUnsupportedTest)java.sql.SQLException: An attempt was made to get a data value of type \'VARCHAR\' from a data value of type \'-16\'.\u003cbr\\/\u003e\\n&gt; &gt; Caused by: java.sql.SQLException: An attempt was made to get a data value of type \'VARCHAR\' from a data value of type \'-16\'.\u003cbr\\/\u003e\\n&gt; &gt; \\t... 36 more\u003cbr\\/\u003e\\n&gt; &gt; There were 4 failures:\u003cbr\\/\u003e\\n&gt; &gt; 1) testTypesNCHAR(org.apache.derbyTesting.functionTests.tests.jdbc4.JDBC40TranslationTest)junit.framework.AssertionFailedError: expected:&lt;-15&gt; but was:&lt;-8&gt;\u003cbr\\/\u003e\\n&gt; &gt; 2) testTypesLONGNVARCHAR(org.apache.derbyTesting.functionTests.tests.jdbc4.JDBC40TranslationTest)junit.framework.AssertionFailedError: expected:&lt;-16&gt; but was:&lt;-10&gt;\u003cbr\\/\u003e\\n&gt; &gt; 3) testTypesNCLOB(org.apache.derbyTesting.functionTests.tests.jdbc4.JDBC40TranslationTest)junit.framework.AssertionFailedError: expected:&lt;2011&gt; but was:&lt;2007&gt;\u003cbr\\/\u003e\\n&gt; &gt; 4) testTypesROWID(org.apache.derbyTesting.functionTests.tests.jdbc4.JDBC40TranslationTest)junit.framework.AssertionFailedError: expected:&lt;-8&gt; but was:&lt;2008&gt;\u003cbr\\/\u003e\\n&gt; &gt; FAILURES!!!\u003cbr\\/\u003e\\n&gt; &gt; Tests run: 2053,  Failures: 4,  Errors: 24\u003cbr\\/\u003e\\nTest Failed.\u003c\\/li\u003e\\n\\t\\t\\t\u003cli\u003eEnd:   _Suite jdk1.6.0-rc jdbc40:jdbc40 2006-09-04 14:08:18 ***\u003cbr\\/\u003e\\n------------------------------------------------------\u003c\\/li\u003e\\n\\t\\t\u003c\\/ul\u003e\\n\\t\\t\u003c\\/li\u003e\\n\\t\u003c\\/ul\u003e\\n\\t\u003c\\/li\u003e\\n\u003c\\/ul\u003e\\n\\n\\n\u003cp\u003eJDBC40_CLIENT:\u003c\\/p\u003e\\n\\n\u003cp\u003eGenerating report for RunSuite jdbc40  null null DerbyNetClient true \u003cbr\\/\u003e\\n------------------ Java Information ------------------\u003cbr\\/\u003e\\nJava Version:    1.6.0-rc\u003cbr\\/\u003e\\nJava Vendor:     Sun Microsystems Inc.\u003cbr\\/\u003e\\nJava home:       \\/usr\\/local\\/java\\/jdk1.6.0_b98\\/jre\u003cbr\\/\u003e\\nJava classpath:  \\/export\\/home\\/tmp\\/ak136785\\/derbyall-20060904-1131-438476-438489M\\/jars\\/derby.jar:\\/export\\/home\\/tmp\\/ak136785\\/derbyall-20060904-1131-438476-438489M\\/jars\\/derbyLocale_de_DE.jar:\\/export\\/home\\/tmp\\/ak136785\\/derbyall-20060904-1131-438476-438489M\\/jars\\/derbyLocale_es.jar:\\/export\\/home\\/tmp\\/ak136785\\/derbyall-20060904-1131-438476-438489M\\/jars\\/derbyLocale_fr.jar:\\/export\\/home\\/tmp\\/ak136785\\/derbyall-20060904-1131-438476-438489M\\/jars\\/derbyLocale_it.jar:\\/export\\/home\\/tmp\\/ak136785\\/derbyall-20060904-1131-438476-438489M\\/jars\\/derbyLocale_ja_JP.jar:\\/export\\/home\\/tmp\\/ak136785\\/derbyall-20060904-1131-438476-438489M\\/jars\\/derbyLocale_ko_KR.jar:\\/export\\/home\\/tmp\\/ak136785\\/derbyall-20060904-1131-438476-438489M\\/jars\\/derbyLocale_pt_BR.jar:\\/export\\/home\\/tmp\\/ak136785\\/derbyall-20060904-1131-438476-438489M\\/jars\\/derbyLocale_zh_CN.jar:\\/export\\/home\\/tmp\\/ak136785\\/derbyall-20060904-1131-438476-438489M\\/jars\\/derbyLocale_zh_TW.jar:\\/export\\/home\\/tmp\\/ak136785\\/derbyall-20060904-1131-438476-438489M\\/jars\\/derbyTesting.jar:\\/expor\u003cbr\\/\u003e\\nOS name:         SunOS\u003cbr\\/\u003e\\nOS architecture: x86\u003cbr\\/\u003e\\nOS version:      5.10\u003cbr\\/\u003e\\nJava user name:  ak136785\u003cbr\\/\u003e\\nJava user home:  \\/home\\/ak136785\u003cbr\\/\u003e\\nJava user dir:   \\/export\\/home\\/tmp\\/ak136785\\/derbyall-20060904-1131-438476-438489M\\/jdbc40_client\u003cbr\\/\u003e\\njava.specification.name: Java Platform API Specification\u003cbr\\/\u003e\\njava.specification.version: 1.6\u003cbr\\/\u003e\\n--------- Derby Information --------\u003cbr\\/\u003e\\nJRE - JDBC: Java SE 6 - JDBC 4.0\u003cbr\\/\u003e\\n\u003cspan class=\\\"error\\\"\u003e&#91;\\/export\\/home\\/tmp\\/ak136785\\/derbyall-20060904-1131-438476-438489M\\/jars\\/derby.jar&#93;\u003c\\/span\u003e 10.3.0.0 alpha - (438476:438489M)\u003cbr\\/\u003e\\n\u003cspan class=\\\"error\\\"\u003e&#91;\\/export\\/home\\/tmp\\/ak136785\\/derbyall-20060904-1131-438476-438489M\\/jars\\/derbytools.jar&#93;\u003c\\/span\u003e 10.3.0.0 alpha - (438476:438489M)\u003cbr\\/\u003e\\n\u003cspan class=\\\"error\\\"\u003e&#91;\\/export\\/home\\/tmp\\/ak136785\\/derbyall-20060904-1131-438476-438489M\\/jars\\/derbynet.jar&#93;\u003c\\/span\u003e 10.3.0.0 alpha - (438476:438489M)\u003cbr\\/\u003e\\n\u003cspan class=\\\"error\\\"\u003e&#91;\\/export\\/home\\/tmp\\/ak136785\\/derbyall-20060904-1131-438476-438489M\\/jars\\/derbyclient.jar&#93;\u003c\\/span\u003e 10.3.0.0 alpha - (438476:438489M)\u003cbr\\/\u003e\\n\u003cspan class=\\\"error\\\"\u003e&#91;\\/export\\/home\\/tmp\\/ak136785\\/derbyall-20060904-1131-438476-438489M\\/jars\\/jcc\\/db2jcc.jar&#93;\u003c\\/span\u003e 2.4 - (17)\u003cbr\\/\u003e\\n\u003cspan class=\\\"error\\\"\u003e&#91;\\/export\\/home\\/tmp\\/ak136785\\/derbyall-20060904-1131-438476-438489M\\/jars\\/jcc\\/db2jcc_license_c.jar&#93;\u003c\\/span\u003e 2.4 - (17)\u003cbr\\/\u003e\\n------------------------------------------------------\u003cbr\\/\u003e\\n----------------- Locale Information -----------------\u003cbr\\/\u003e\\nCurrent Locale :  [English\\/United States \u003cspan class=\\\"error\\\"\u003e&#91;en_US&#93;\u003c\\/span\u003e]\u003cbr\\/\u003e\\nFound support for locale: \u003cspan class=\\\"error\\\"\u003e&#91;de_DE&#93;\u003c\\/span\u003e\u003cbr\\/\u003e\\n\\t version: 10.3.0.0 alpha - (438476:438489M)\u003cbr\\/\u003e\\nFound support for locale: \u003cspan class=\\\"error\\\"\u003e&#91;es&#93;\u003c\\/span\u003e\u003cbr\\/\u003e\\n\\t version: 10.3.0.0 alpha - (438476:438489M)\u003cbr\\/\u003e\\nFound support for locale: \u003cspan class=\\\"error\\\"\u003e&#91;fr&#93;\u003c\\/span\u003e\u003cbr\\/\u003e\\n\\t version: 10.3.0.0 alpha - (438476:438489M)\u003cbr\\/\u003e\\nFound support for locale: \u003cspan class=\\\"error\\\"\u003e&#91;it&#93;\u003c\\/span\u003e\u003cbr\\/\u003e\\n\\t version: 10.3.0.0 alpha - (438476:438489M)\u003cbr\\/\u003e\\nFound support for locale: \u003cspan class=\\\"error\\\"\u003e&#91;ja_JP&#93;\u003c\\/span\u003e\u003cbr\\/\u003e\\n\\t version: 10.3.0.0 alpha - (438476:438489M)\u003cbr\\/\u003e\\nFound support for locale: \u003cspan class=\\\"error\\\"\u003e&#91;ko_KR&#93;\u003c\\/span\u003e\u003cbr\\/\u003e\\n\\t version: 10.3.0.0 alpha - (438476:438489M)\u003cbr\\/\u003e\\nFound support for locale: \u003cspan class=\\\"error\\\"\u003e&#91;pt_BR&#93;\u003c\\/span\u003e\u003cbr\\/\u003e\\n\\t version: 10.3.0.0 alpha - (438476:438489M)\u003cbr\\/\u003e\\nFound support for locale: \u003cspan class=\\\"error\\\"\u003e&#91;zh_CN&#93;\u003c\\/span\u003e\u003cbr\\/\u003e\\n\\t version: 10.3.0.0 alpha - (438476:438489M)\u003cbr\\/\u003e\\nFound support for locale: \u003cspan class=\\\"error\\\"\u003e&#91;zh_TW&#93;\u003c\\/span\u003e\u003cbr\\/\u003e\\n\\t version: 10.3.0.0 alpha - (438476:438489M)\u003cbr\\/\u003e\\n------------------------------------------------------\u003cbr\\/\u003e\\nFramework: DerbyNetClient\u003cbr\\/\u003e\\nTest environment information:\u003cbr\\/\u003e\\nCOMMAND LINE STYLE: jdk13\u003cbr\\/\u003e\\nTEST CANONS: master\u003cbr\\/\u003e\\n------------------------------------------------------\u003cbr\\/\u003e\\n------------------------------------------------------\u003cbr\\/\u003e\\nSummary results:\u003c\\/p\u003e\\n\\n\u003cp\u003eTest Run Started: 2006-09-04 14:08:19.0\u003cbr\\/\u003e\\nTest Run Duration: 00:01:28\u003c\\/p\u003e\\n\\n\u003cp\u003e8 Tests Run\u003cbr\\/\u003e\\n87% Pass (7 tests passed)\u003cbr\\/\u003e\\n13% Fail (1 tests failed)\u003cbr\\/\u003e\\n0 Suites skipped\u003cbr\\/\u003e\\n------------------------------------------------------\u003cbr\\/\u003e\\nFailed tests in: jdbc40_fail.txt\u003cbr\\/\u003e\\n------------------------------------------------------\u003cbr\\/\u003e\\nPassed tests in: jdbc40_pass.txt\u003cbr\\/\u003e\\n------------------------------------------------------\u003cbr\\/\u003e\\nSystem properties in: jdbc40_prop.txt\u003cbr\\/\u003e\\n------------------------------------------------------\u003cbr\\/\u003e\\n------------------------------------------------------\u003cbr\\/\u003e\\nFailure Details:\u003c\\/p\u003e\\n\u003cul\u003e\\n\\t\u003cli\u003e\\n\\t\u003cul\u003e\\n\\t\\t\u003cli\u003e\\n\\t\\t\u003cul\u003e\\n\\t\\t\\t\u003cli\u003e\\n\\t\\t\\t\u003cul\u003e\\n\\t\\t\\t\\t\u003cli\u003e\\n\\t\\t\\t\\t\u003cul\u003e\\n\\t\\t\\t\\t\\t\u003cli\u003e\\n\\t\\t\\t\\t\\t\u003cul\u003e\\n\\t\\t\\t\\t\\t\\t\u003cli\u003e\\n\\t\\t\\t\\t\\t\\t\u003cul\u003e\\n\\t\\t\\t\\t\\t\\t\\t\u003cli\u003e\\n\\t\\t\\t\\t\\t\\t\\t\u003cul\u003e\\n\\t\\t\\t\\t\\t\\t\\t\\t\u003cli\u003e\\n\\t\\t\\t\\t\\t\\t\\t\\t\u003cul\u003e\\n\\t\\t\\t\\t\\t\\t\\t\\t\\t\u003cli\u003eDiff file jdbc40\\/DerbyNetClient\\/jdbc40\\/TestDbMetaData.diff\u003c\\/li\u003e\\n\\t\\t\\t\\t\\t\\t\\t\\t\u003c\\/ul\u003e\\n\\t\\t\\t\\t\\t\\t\\t\\t\u003c\\/li\u003e\\n\\t\\t\\t\\t\\t\\t\\t\u003c\\/ul\u003e\\n\\t\\t\\t\\t\\t\\t\\t\u003c\\/li\u003e\\n\\t\\t\\t\\t\\t\\t\u003c\\/ul\u003e\\n\\t\\t\\t\\t\\t\\t\u003c\\/li\u003e\\n\\t\\t\\t\\t\\t\u003c\\/ul\u003e\\n\\t\\t\\t\\t\\t\u003c\\/li\u003e\\n\\t\\t\\t\\t\u003c\\/ul\u003e\\n\\t\\t\\t\\t\u003c\\/li\u003e\\n\\t\\t\\t\u003c\\/ul\u003e\\n\\t\\t\\t\u003c\\/li\u003e\\n\\t\\t\\t\u003cli\u003eStart: TestDbMetaData jdk1.6.0-rc DerbyNetClient jdbc40:jdbc40 2006-09-04 14:08:30 ***\u003cbr\\/\u003e\\nTest skipped: listed in DerbyNetClient.exclude file, skipping test: jdbc4\\/TestDbMetaData.java\u003c\\/li\u003e\\n\\t\\t\\t\u003cli\u003eEnd:   TestDbMetaData jdk1.6.0-rc DerbyNetClient jdbc40:jdbc40 2006-09-04 14:08:30 ***\\n\\t\\t\\t\u003cul\u003e\\n\\t\\t\\t\\t\u003cli\u003e\\n\\t\\t\\t\\t\u003cul\u003e\\n\\t\\t\\t\\t\\t\u003cli\u003e\\n\\t\\t\\t\\t\\t\u003cul\u003e\\n\\t\\t\\t\\t\\t\\t\u003cli\u003e\\n\\t\\t\\t\\t\\t\\t\u003cul\u003e\\n\\t\\t\\t\\t\\t\\t\\t\u003cli\u003e\\n\\t\\t\\t\\t\\t\\t\\t\u003cul\u003e\\n\\t\\t\\t\\t\\t\\t\\t\\t\u003cli\u003e\\n\\t\\t\\t\\t\\t\\t\\t\\t\u003cul\u003e\\n\\t\\t\\t\\t\\t\\t\\t\\t\\t\u003cli\u003eDiff file jdbc40\\/DerbyNetClient\\/jdbc40\\/_Suite.diff\u003c\\/li\u003e\\n\\t\\t\\t\\t\\t\\t\\t\\t\u003c\\/ul\u003e\\n\\t\\t\\t\\t\\t\\t\\t\\t\u003c\\/li\u003e\\n\\t\\t\\t\\t\\t\\t\\t\u003c\\/ul\u003e\\n\\t\\t\\t\\t\\t\\t\\t\u003c\\/li\u003e\\n\\t\\t\\t\\t\\t\\t\u003c\\/ul\u003e\\n\\t\\t\\t\\t\\t\\t\u003c\\/li\u003e\\n\\t\\t\\t\\t\\t\u003c\\/ul\u003e\\n\\t\\t\\t\\t\\t\u003c\\/li\u003e\\n\\t\\t\\t\\t\u003c\\/ul\u003e\\n\\t\\t\\t\\t\u003c\\/li\u003e\\n\\t\\t\\t\u003c\\/ul\u003e\\n\\t\\t\\t\u003c\\/li\u003e\\n\\t\\t\\t\u003cli\u003eStart: _Suite jdk1.6.0-rc DerbyNetClient jdbc40:jdbc40 2006-09-04 14:09:28 ***\u003cbr\\/\u003e\\n0 add\u003cbr\\/\u003e\\n&gt; &gt; .......F.F.F.F.F.F.F.F.....F.F.F.F...................\u003cbr\\/\u003e\\n&gt; &gt; ............................F..F.F.F.........\u003cbr\\/\u003e\\n&gt; &gt; ......F.F.F.F.F.F.F.F.....F.F.F.F....................\u003cbr\\/\u003e\\n&gt; &gt; There were 28 failures:\u003cbr\\/\u003e\\n&gt; &gt; 1) testUnsupportedSetObject_NCHAR(org.apache.derbyTesting.functionTests.tests.jdbc4.SetObjectUnsupportedTest)junit.framework.AssertionFailedError: No exception thrown.\u003cbr\\/\u003e\\n&gt; &gt; 2) testUnsupportedSetObjectWithScale_NCHAR(org.apache.derbyTesting.functionTests.tests.jdbc4.SetObjectUnsupportedTest)junit.framework.AssertionFailedError: No exception thrown.\u003cbr\\/\u003e\\n&gt; &gt; 3) testUnsupportedSetNull_NCHAR(org.apache.derbyTesting.functionTests.tests.jdbc4.SetObjectUnsupportedTest)junit.framework.AssertionFailedError: No exception thrown.\u003cbr\\/\u003e\\n&gt; &gt; 4) testUnsupportedSetNullWithTypeName_NCHAR(org.apache.derbyTesting.functionTests.tests.jdbc4.SetObjectUnsupportedTest)junit.framework.AssertionFailedError: No exception thrown.\u003cbr\\/\u003e\\n&gt; &gt; 5) testUnsupportedSetObject_NCLOB(org.apache.derbyTesting.functionTests.tests.jdbc4.SetObjectUnsupportedTest)junit.framework.AssertionFailedError: No exception thrown.\u003cbr\\/\u003e\\n&gt; &gt; 6) testUnsupportedSetObjectWithScale_NCLOB(org.apache.derbyTesting.functionTests.tests.jdbc4.SetObjectUnsupportedTest)junit.framework.AssertionFailedError: No exception thrown.\u003cbr\\/\u003e\\n&gt; &gt; 7) testUnsupportedSetNull_NCLOB(org.apache.derbyTesting.functionTests.tests.jdbc4.SetObjectUnsupportedTest)junit.framework.AssertionFailedError: No exception thrown.\u003cbr\\/\u003e\\n&gt; &gt; 8) testUnsupportedSetNullWithTypeName_NCLOB(org.apache.derbyTesting.functionTests.tests.jdbc4.SetObjectUnsupportedTest)junit.framework.AssertionFailedError: No exception thrown.\u003cbr\\/\u003e\\n&gt; &gt; 9) testUnsupportedSetObject_LONGNVARCHAR(org.apache.derbyTesting.functionTests.tests.jdbc4.SetObjectUnsupportedTest)junit.framework.AssertionFailedError: No exception thrown.\u003cbr\\/\u003e\\n&gt; &gt; 10) testUnsupportedSetObjectWithScale_LONGNVARCHAR(org.apache.derbyTesting.functionTests.tests.jdbc4.SetObjectUnsupportedTest)junit.framework.AssertionFailedError: No exception thrown.\u003cbr\\/\u003e\\n&gt; &gt; 11) testUnsupportedSetNull_LONGNVARCHAR(org.apache.derbyTesting.functionTests.tests.jdbc4.SetObjectUnsupportedTest)junit.framework.AssertionFailedError: No exception thrown.\u003cbr\\/\u003e\\n&gt; &gt; 12) testUnsupportedSetNullWithTypeName_LONGNVARCHAR(org.apache.derbyTesting.functionTests.tests.jdbc4.SetObjectUnsupportedTest)junit.framework.AssertionFailedError: No exception thrown.\u003cbr\\/\u003e\\n&gt; &gt; 13) testTypesNCHAR(org.apache.derbyTesting.functionTests.tests.jdbc4.JDBC40TranslationTest)junit.framework.AssertionFailedError: expected:&lt;-15&gt; but was:&lt;-8&gt;\u003cbr\\/\u003e\\n&gt; &gt; 14) testTypesLONGNVARCHAR(org.apache.derbyTesting.functionTests.tests.jdbc4.JDBC40TranslationTest)junit.framework.AssertionFailedError: expected:&lt;-16&gt; but was:&lt;-10&gt;\u003cbr\\/\u003e\\n&gt; &gt; 15) testTypesNCLOB(org.apache.derbyTesting.functionTests.tests.jdbc4.JDBC40TranslationTest)junit.framework.AssertionFailedError: expected:&lt;2011&gt; but was:&lt;2007&gt;\u003cbr\\/\u003e\\n&gt; &gt; 16) testTypesROWID(org.apache.derbyTesting.functionTests.tests.jdbc4.JDBC40TranslationTest)junit.framework.AssertionFailedError: expected:&lt;-8&gt; but was:&lt;2008&gt;\u003cbr\\/\u003e\\n&gt; &gt; 17) testUnsupportedSetObject_NCHAR(org.apache.derbyTesting.functionTests.tests.jdbc4.SetObjectUnsupportedTest)junit.framework.AssertionFailedError: No exception thrown.\u003cbr\\/\u003e\\n&gt; &gt; 18) testUnsupportedSetObjectWithScale_NCHAR(org.apache.derbyTesting.functionTests.tests.jdbc4.SetObjectUnsupportedTest)junit.framework.AssertionFailedError: No exception thrown.\u003cbr\\/\u003e\\n&gt; &gt; 19) testUnsupportedSetNull_NCHAR(org.apache.derbyTesting.functionTests.tests.jdbc4.SetObjectUnsupportedTest)junit.framework.AssertionFailedError: No exception thrown.\u003cbr\\/\u003e\\n&gt; &gt; 20) testUnsupportedSetNullWithTypeName_NCHAR(org.apache.derbyTesting.functionTests.tests.jdbc4.SetObjectUnsupportedTest)junit.framework.AssertionFailedError: No exception thrown.\u003cbr\\/\u003e\\n&gt; &gt; 21) testUnsupportedSetObject_NCLOB(org.apache.derbyTesting.functionTests.tests.jdbc4.SetObjectUnsupportedTest)junit.framework.AssertionFailedError: No exception thrown.\u003cbr\\/\u003e\\n&gt; &gt; 22) testUnsupportedSetObjectWithScale_NCLOB(org.apache.derbyTesting.functionTests.tests.jdbc4.SetObjectUnsupportedTest)junit.framework.AssertionFailedError: No exception thrown.\u003cbr\\/\u003e\\n&gt; &gt; 23) testUnsupportedSetNull_NCLOB(org.apache.derbyTesting.functionTests.tests.jdbc4.SetObjectUnsupportedTest)junit.framework.AssertionFailedError: No exception thrown.\u003cbr\\/\u003e\\n&gt; &gt; 24) testUnsupportedSetNullWithTypeName_NCLOB(org.apache.derbyTesting.functionTests.tests.jdbc4.SetObjectUnsupportedTest)junit.framework.AssertionFailedError: No exception thrown.\u003cbr\\/\u003e\\n&gt; &gt; 25) testUnsupportedSetObject_LONGNVARCHAR(org.apache.derbyTesting.functionTests.tests.jdbc4.SetObjectUnsupportedTest)junit.framework.AssertionFailedError: No exception thrown.\u003cbr\\/\u003e\\n&gt; &gt; 26) testUnsupportedSetObjectWithScale_LONGNVARCHAR(org.apache.derbyTesting.functionTests.tests.jdbc4.SetObjectUnsupportedTest)junit.framework.AssertionFailedError: No exception thrown.\u003cbr\\/\u003e\\n&gt; &gt; 27) testUnsupportedSetNull_LONGNVARCHAR(org.apache.derbyTesting.functionTests.tests.jdbc4.SetObjectUnsupportedTest)junit.framework.AssertionFailedError: No exception thrown.\u003cbr\\/\u003e\\n&gt; &gt; 28) testUnsupportedSetNullWithTypeName_LONGNVARCHAR(org.apache.derbyTesting.functionTests.tests.jdbc4.SetObjectUnsupportedTest)junit.framework.AssertionFailedError: No exception thrown.\u003cbr\\/\u003e\\n&gt; &gt; FAILURES!!!\u003cbr\\/\u003e\\n&gt; &gt; Tests run: 2048,  Failures: 28,  Errors: 0\u003cbr\\/\u003e\\nTest Failed.\u003c\\/li\u003e\\n\\t\\t\\t\u003cli\u003eEnd:   _Suite jdk1.6.0-rc DerbyNetClient jdbc40:jdbc40 2006-09-04 14:09:47 ***\\n\\t\\t\\t\u003cul\u003e\\n\\t\\t\\t\\t\u003cli\u003e\\n\\t\\t\\t\\t\u003cul\u003e\\n\\t\\t\\t\\t\\t\u003cli\u003e\\n\\t\\t\\t\\t\\t\u003cul\u003e\\n\\t\\t\\t\\t\\t\\t\u003cli\u003e\\n\\t\\t\\t\\t\\t\\t\u003cul\u003e\\n\\t\\t\\t\\t\\t\\t\\t\u003cli\u003e\\n\\t\\t\\t\\t\\t\\t\\t\u003cul\u003e\\n\\t\\t\\t\\t\\t\\t\\t\\t\u003cli\u003e\\n\\t\\t\\t\\t\\t\\t\\t\\t\u003cul\u003e\\n\\t\\t\\t\\t\\t\\t\\t\\t\\t\u003cli\u003eDiff file jdbc40\\/DerbyNetClient\\/jdbc40\\/TestJDBC40Exception.diff\u003c\\/li\u003e\\n\\t\\t\\t\\t\\t\\t\\t\\t\u003c\\/ul\u003e\\n\\t\\t\\t\\t\\t\\t\\t\\t\u003c\\/li\u003e\\n\\t\\t\\t\\t\\t\\t\\t\u003c\\/ul\u003e\\n\\t\\t\\t\\t\\t\\t\\t\u003c\\/li\u003e\\n\\t\\t\\t\\t\\t\\t\u003c\\/ul\u003e\\n\\t\\t\\t\\t\\t\\t\u003c\\/li\u003e\\n\\t\\t\\t\\t\\t\u003c\\/ul\u003e\\n\\t\\t\\t\\t\\t\u003c\\/li\u003e\\n\\t\\t\\t\\t\u003c\\/ul\u003e\\n\\t\\t\\t\\t\u003c\\/li\u003e\\n\\t\\t\\t\u003c\\/ul\u003e\\n\\t\\t\\t\u003c\\/li\u003e\\n\\t\\t\\t\u003cli\u003eStart: TestJDBC40Exception jdk1.6.0-rc DerbyNetClient jdbc40:jdbc40 2006-09-04 14:08:31 ***\u003cbr\\/\u003e\\nTest skipped: listed in DerbyNetClient.exclude file, skipping test: jdbc4\\/TestJDBC40Exception.java\u003c\\/li\u003e\\n\\t\\t\\t\u003cli\u003eEnd:   TestJDBC40Exception jdk1.6.0-rc DerbyNetClient jdbc40:jdbc40 2006-09-04 14:08:31 ***\u003c\\/li\u003e\\n\\t\\t\u003c\\/ul\u003e\\n\\t\\t\u003c\\/li\u003e\\n\\t\u003c\\/ul\u003e\\n\\t\u003c\\/li\u003e\\n\u003c\\/ul\u003e\\n \u003c\\/div\u003e\\n    \u003c\\/div\u003e\\n    \u003cdiv class=\\\"twixi-wrap concise actionContainer\\\"\u003e\\n        \u003cdiv class=\\\"action-head\\\"\u003e\\n            \u003ca href=\\\"#\\\" title=\\\"Expand comment\\\" class=\\\"twixi\\\"\u003e\u003cspan class=\\\"icon-default aui-icon aui-icon-small aui-iconfont-collapsed\\\"\u003e\u003cspan\u003eShow\u003c\\/span\u003e\u003c\\/span\u003e\u003c\\/a\u003e\\n            \u003cdiv class=\\\"action-details flooded\\\"\u003e\\n                        \\n    \\n    \\n    \\n                \\n\\n    \u003ca class=\\\"user-hover user-avatar\\\" rel=\\\"andreask\\\" id=\\\"commentauthor_12432508_concise\\\" href=\\\"\\/jira\\/secure\\/ViewProfile.jspa?name=andreask\\\"\u003e\u003cspan class=\\\"aui-avatar aui-avatar-xsmall\\\"\u003e\u003cspan class=\\\"aui-avatar-inner\\\"\u003e\u003cimg src=\\\"https:\\/\\/issues.apache.org\\/jira\\/secure\\/useravatar?size=xsmall&amp;avatarId=10452\\\" alt=\\\"andreask\\\" \\/\u003e\u003c\\/span\u003e\u003c\\/span\u003e Andreas Korneliussen\u003c\\/a\u003e\\n added a comment  - \u003cspan class=\'commentdate_12432508_concise subText\'\u003e\u003cspan class=\'date user-tz\' title=\'04\\/Sep\\/06 12:58\'\u003e\u003ctime class=\'livestamp\' datetime=\'2006-09-04T12:58:25+0000\'\u003e04\\/Sep\\/06 12:58\u003c\\/time\u003e\u003c\\/span\u003e\u003c\\/span\u003e                    Tests shows that the failure has been fixed. Derbyall passes. Running the jdbc40 suite, fails with more or less the same erros on client and embedded, indicating that those failures are not related to this fix, or   DERBY-1559  . \\n\\n JDBC40_EMBEDDED: \\n\\n Generating report for RunSuite jdbc40  null null null true  \\n------------------ Java Information ------------------ \\nJava Version:    1.6.0-rc \\nJava Vendor:     Sun Microsystems Inc. \\nJava home:       \\/usr\\/local\\/java\\/jdk1.6.0_b98\\/jre \\nJava classpath:  \\/export\\/home\\/tmp\\/ak136785\\/derbyall-20060904-1131-438476-438489M\\/jars\\/derby.jar:\\/export\\/home\\/tmp\\/ak136785\\/derbyall-20060904-1131-438476-438489M\\/jars\\/derbyLocale_de_DE.jar:\\/export\\/home\\/tmp\\/ak136785\\/derbyall-20060904-1131-438476-438489M\\/jars\\/derbyLocale_es.jar:\\/export\\/home\\/tmp\\/ak136785\\/derbyall-20060904-1131-438476-438489M\\/jars\\/derbyLocale_fr.jar:\\/export\\/home\\/tmp\\/ak136785\\/derbyall-20060904-1131-438476-438489M\\/jars\\/derbyLocale_it.jar:\\/export\\/home\\/tmp\\/ak136785\\/derbyall-20060904-1131-438476-438489M\\/jars\\/derbyLocale_ja_JP.jar:\\/export\\/home\\/tmp\\/ak136785\\/derbyall-20060904-1131-438476-438489M\\/jars\\/derbyLocale_ko_KR.jar:\\/export\\/home\\/tmp\\/ak136785\\/derbyall-20060904-1131-438476-438489M\\/jars\\/derbyLocale_pt_BR.jar:\\/export\\/home\\/tmp\\/ak136785\\/derbyall-20060904-1131-438476-438489M\\/jars\\/derbyLocale_zh_CN.jar:\\/export\\/home\\/tmp\\/ak136785\\/derbyall-20060904-1131-438476-438489M\\/jars\\/derbyLocale_zh_TW.jar:\\/export\\/home\\/tmp\\/ak136785\\/derbyall-20060904-1131-438476-438489M\\/jars\\/derbyTesting.jar:\\/expor \\nOS name:         SunOS \\nOS architecture: x86 \\nOS version:      5.10 \\nJava user name:  ak136785 \\nJava user home:  \\/home\\/ak136785 \\nJava user dir:   \\/export\\/home\\/tmp\\/ak136785\\/derbyall-20060904-1131-438476-438489M\\/jdbc40_embedded \\njava.specification.name: Java Platform API Specification \\njava.specification.version: 1.6 \\n--------- Derby Information -------- \\nJRE - JDBC: Java SE 6 - JDBC 4.0 \\n &#91;\\/export\\/home\\/tmp\\/ak136785\\/derbyall-20060904-1131-438476-438489M\\/jars\\/derby.jar&#93;  10.3.0.0 alpha - (438476:438489M) \\n &#91;\\/export\\/home\\/tmp\\/ak136785\\/derbyall-20060904-1131-438476-438489M\\/jars\\/derbytools.jar&#93;  10.3.0.0 alpha - (438476:438489M) \\n &#91;\\/export\\/home\\/tmp\\/ak136785\\/derbyall-20060904-1131-438476-438489M\\/jars\\/derbynet.jar&#93;  10.3.0.0 alpha - (438476:438489M) \\n &#91;\\/export\\/home\\/tmp\\/ak136785\\/derbyall-20060904-1131-438476-438489M\\/jars\\/derbyclient.jar&#93;  10.3.0.0 alpha - (438476:438489M) \\n &#91;\\/export\\/home\\/tmp\\/ak136785\\/derbyall-20060904-1131-438476-438489M\\/jars\\/jcc\\/db2jcc.jar&#93;  2.4 - (17) \\n &#91;\\/export\\/home\\/tmp\\/ak136785\\/derbyall-20060904-1131-438476-438489M\\/jars\\/jcc\\/db2jcc_license_c.jar&#93;  2.4 - (17) \\n------------------------------------------------------ \\n----------------- Locale Information ----------------- \\nCurrent Locale :  [English\\/United States  &#91;en_US&#93; ] \\nFound support for locale:  &#91;de_DE&#93;  \\n\\t version: 10.3.0.0 alpha - (438476:438489M) \\nFound support for locale:  &#91;es&#93;  \\n\\t version: 10.3.0.0 alpha - (438476:438489M) \\nFound support for locale:  &#91;fr&#93;  \\n\\t version: 10.3.0.0 alpha - (438476:438489M) \\nFound support for locale:  &#91;it&#93;  \\n\\t version: 10.3.0.0 alpha - (438476:438489M) \\nFound support for locale:  &#91;ja_JP&#93;  \\n\\t version: 10.3.0.0 alpha - (438476:438489M) \\nFound support for locale:  &#91;ko_KR&#93;  \\n\\t version: 10.3.0.0 alpha - (438476:438489M) \\nFound support for locale:  &#91;pt_BR&#93;  \\n\\t version: 10.3.0.0 alpha - (438476:438489M) \\nFound support for locale:  &#91;zh_CN&#93;  \\n\\t version: 10.3.0.0 alpha - (438476:438489M) \\nFound support for locale:  &#91;zh_TW&#93;  \\n\\t version: 10.3.0.0 alpha - (438476:438489M) \\n------------------------------------------------------ \\nTest environment information: \\nCOMMAND LINE STYLE: jdk13 \\nTEST CANONS: master \\n------------------------------------------------------ \\n------------------------------------------------------ \\nSummary results: \\n\\n Test Run Started: 2006-09-04 14:05:59.0 \\nTest Run Duration: 00:02:19 \\n\\n 10 Tests Run \\n90% Pass (9 tests passed) \\n10% Fail (1 tests failed) \\n0 Suites skipped \\n------------------------------------------------------ \\nFailed tests in: jdbc40_fail.txt \\n------------------------------------------------------ \\nPassed tests in: jdbc40_pass.txt \\n------------------------------------------------------ \\nSystem properties in: jdbc40_prop.txt \\n------------------------------------------------------ \\n------------------------------------------------------ \\nFailure Details: \\n \\n\\t \\n\\t \\n\\t\\t \\n\\t\\t \\n\\t\\t\\t \\n\\t\\t\\t \\n\\t\\t\\t\\t \\n\\t\\t\\t\\t \\n\\t\\t\\t\\t\\t \\n\\t\\t\\t\\t\\t \\n\\t\\t\\t\\t\\t\\t \\n\\t\\t\\t\\t\\t\\t \\n\\t\\t\\t\\t\\t\\t\\t \\n\\t\\t\\t\\t\\t\\t\\t \\n\\t\\t\\t\\t\\t\\t\\t\\t \\n\\t\\t\\t\\t\\t\\t\\t\\t \\n\\t\\t\\t\\t\\t\\t\\t\\t\\t Diff file jdbc40\\/jdbc40\\/_Suite.diff \\n\\t\\t\\t\\t\\t\\t\\t\\t \\n\\t\\t\\t\\t\\t\\t\\t\\t \\n\\t\\t\\t\\t\\t\\t\\t \\n\\t\\t\\t\\t\\t\\t\\t \\n\\t\\t\\t\\t\\t\\t \\n\\t\\t\\t\\t\\t\\t \\n\\t\\t\\t\\t\\t \\n\\t\\t\\t\\t\\t \\n\\t\\t\\t\\t \\n\\t\\t\\t\\t \\n\\t\\t\\t \\n\\t\\t\\t \\n\\t\\t\\t Start: _Suite jdk1.6.0-rc jdbc40:jdbc40 2006-09-04 14:08:02 *** \\n0 add \\n&gt; &gt; .......E.E.E.E.E.E.E.E.....E.E.E.E................... \\n&gt; &gt; ..............................F..F.F.F....... \\n&gt; &gt; ........E.E.E.E.E.E.E.E.....E.E.E.E.................. \\n&gt; &gt; There were 24 errors: \\n&gt; &gt; 1) testUnsupportedSetObject_NCHAR(org.apache.derbyTesting.functionTests.tests.jdbc4.SetObjectUnsupportedTest)java.sql.SQLException: An attempt was made to get a data value of type \'VARCHAR\' from a data value of type \'-15\'. \\n&gt; &gt; Caused by: java.sql.SQLException: An attempt was made to get a data value of type \'VARCHAR\' from a data value of type \'-15\'. \\n&gt; &gt; \\t... 33 more \\n&gt; &gt; 2) testUnsupportedSetObjectWithScale_NCHAR(org.apache.derbyTesting.functionTests.tests.jdbc4.SetObjectUnsupportedTest)java.sql.SQLException: An attempt was made to get a data value of type \'VARCHAR\' from a data value of type \'-15\'. \\n&gt; &gt; Caused by: java.sql.SQLException: An attempt was made to get a data value of type \'VARCHAR\' from a data value of type \'-15\'. \\n&gt; &gt; \\t... 32 more \\n&gt; &gt; 3) testUnsupportedSetNull_NCHAR(org.apache.derbyTesting.functionTests.tests.jdbc4.SetObjectUnsupportedTest)java.sql.SQLException: An attempt was made to get a data value of type \'VARCHAR\' from a data value of type \'-15\'. \\n&gt; &gt; Caused by: java.sql.SQLException: An attempt was made to get a data value of type \'VARCHAR\' from a data value of type \'-15\'. \\n&gt; &gt; \\t... 31 more \\n&gt; &gt; 4) testUnsupportedSetNullWithTypeName_NCHAR(org.apache.derbyTesting.functionTests.tests.jdbc4.SetObjectUnsupportedTest)java.sql.SQLException: An attempt was made to get a data value of type \'VARCHAR\' from a data value of type \'-15\'. \\n&gt; &gt; Caused by: java.sql.SQLException: An attempt was made to get a data value of type \'VARCHAR\' from a data value of type \'-15\'. \\n&gt; &gt; \\t... 32 more \\n&gt; &gt; 5) testUnsupportedSetObject_NCLOB(org.apache.derbyTesting.functionTests.tests.jdbc4.SetObjectUnsupportedTest)java.sql.SQLException: An attempt was made to get a data value of type \'VARCHAR\' from a data value of type \'2011\'. \\n&gt; &gt; Caused by: java.sql.SQLException: An attempt was made to get a data value of type \'VARCHAR\' from a data value of type \'2011\'. \\n&gt; &gt; \\t... 33 more \\n&gt; &gt; 6) testUnsupportedSetObjectWithScale_NCLOB(org.apache.derbyTesting.functionTests.tests.jdbc4.SetObjectUnsupportedTest)java.sql.SQLException: An attempt was made to get a data value of type \'VARCHAR\' from a data value of type \'2011\'. \\n&gt; &gt; Caused by: java.sql.SQLException: An attempt was made to get a data value of type \'VARCHAR\' from a data value of type \'2011\'. \\n&gt; &gt; \\t... 32 more \\n&gt; &gt; 7) testUnsupportedSetNull_NCLOB(org.apache.derbyTesting.functionTests.tests.jdbc4.SetObjectUnsupportedTest)java.sql.SQLException: An attempt was made to get a data value of type \'VARCHAR\' from a data value of type \'2011\'. \\n&gt; &gt; Caused by: java.sql.SQLException: An attempt was made to get a data value of type \'VARCHAR\' from a data value of type \'2011\'. \\n&gt; &gt; \\t... 31 more \\n&gt; &gt; 8) testUnsupportedSetNullWithTypeName_NCLOB(org.apache.derbyTesting.functionTests.tests.jdbc4.SetObjectUnsupportedTest)java.sql.SQLException: An attempt was made to get a data value of type \'VARCHAR\' from a data value of type \'2011\'. \\n&gt; &gt; Caused by: java.sql.SQLException: An attempt was made to get a data value of type \'VARCHAR\' from a data value of type \'2011\'. \\n&gt; &gt; \\t... 32 more \\n&gt; &gt; 9) testUnsupportedSetObject_LONGNVARCHAR(org.apache.derbyTesting.functionTests.tests.jdbc4.SetObjectUnsupportedTest)java.sql.SQLException: An attempt was made to get a data value of type \'VARCHAR\' from a data value of type \'-16\'. \\n&gt; &gt; Caused by: java.sql.SQLException: An attempt was made to get a data value of type \'VARCHAR\' from a data value of type \'-16\'. \\n&gt; &gt; \\t... 33 more \\n&gt; &gt; 10) testUnsupportedSetObjectWithScale_LONGNVARCHAR(org.apache.derbyTesting.functionTests.tests.jdbc4.SetObjectUnsupportedTest)java.sql.SQLException: An attempt was made to get a data value of type \'VARCHAR\' from a data value of type \'-16\'. \\n&gt; &gt; Caused by: java.sql.SQLException: An attempt was made to get a data value of type \'VARCHAR\' from a data value of type \'-16\'. \\n&gt; &gt; \\t... 32 more \\n&gt; &gt; 11) testUnsupportedSetNull_LONGNVARCHAR(org.apache.derbyTesting.functionTests.tests.jdbc4.SetObjectUnsupportedTest)java.sql.SQLException: An attempt was made to get a data value of type \'VARCHAR\' from a data value of type \'-16\'. \\n&gt; &gt; Caused by: java.sql.SQLException: An attempt was made to get a data value of type \'VARCHAR\' from a data value of type \'-16\'. \\n&gt; &gt; \\t... 31 more \\n&gt; &gt; 12) testUnsupportedSetNullWithTypeName_LONGNVARCHAR(org.apache.derbyTesting.functionTests.tests.jdbc4.SetObjectUnsupportedTest)java.sql.SQLException: An attempt was made to get a data value of type \'VARCHAR\' from a data value of type \'-16\'. \\n&gt; &gt; Caused by: java.sql.SQLException: An attempt was made to get a data value of type \'VARCHAR\' from a data value of type \'-16\'. \\n&gt; &gt; \\t... 32 more \\n&gt; &gt; 13) testUnsupportedSetObject_NCHAR(org.apache.derbyTesting.functionTests.tests.jdbc4.SetObjectUnsupportedTest)java.sql.SQLException: An attempt was made to get a data value of type \'VARCHAR\' from a data value of type \'-15\'. \\n&gt; &gt; Caused by: java.sql.SQLException: An attempt was made to get a data value of type \'VARCHAR\' from a data value of type \'-15\'. \\n&gt; &gt; \\t... 37 more \\n&gt; &gt; 14) testUnsupportedSetObjectWithScale_NCHAR(org.apache.derbyTesting.functionTests.tests.jdbc4.SetObjectUnsupportedTest)java.sql.SQLException: An attempt was made to get a data value of type \'VARCHAR\' from a data value of type \'-15\'. \\n&gt; &gt; Caused by: java.sql.SQLException: An attempt was made to get a data value of type \'VARCHAR\' from a data value of type \'-15\'. \\n&gt; &gt; \\t... 36 more \\n&gt; &gt; 15) testUnsupportedSetNull_NCHAR(org.apache.derbyTesting.functionTests.tests.jdbc4.SetObjectUnsupportedTest)java.sql.SQLException: An attempt was made to get a data value of type \'VARCHAR\' from a data value of type \'-15\'. \\n&gt; &gt; Caused by: java.sql.SQLException: An attempt was made to get a data value of type \'VARCHAR\' from a data value of type \'-15\'. \\n&gt; &gt; \\t... 35 more \\n&gt; &gt; 16) testUnsupportedSetNullWithTypeName_NCHAR(org.apache.derbyTesting.functionTests.tests.jdbc4.SetObjectUnsupportedTest)java.sql.SQLException: An attempt was made to get a data value of type \'VARCHAR\' from a data value of type \'-15\'. \\n&gt; &gt; Caused by: java.sql.SQLException: An attempt was made to get a data value of type \'VARCHAR\' from a data value of type \'-15\'. \\n&gt; &gt; \\t... 36 more \\n&gt; &gt; 17) testUnsupportedSetObject_NCLOB(org.apache.derbyTesting.functionTests.tests.jdbc4.SetObjectUnsupportedTest)java.sql.SQLException: An attempt was made to get a data value of type \'VARCHAR\' from a data value of type \'2011\'. \\n&gt; &gt; Caused by: java.sql.SQLException: An attempt was made to get a data value of type \'VARCHAR\' from a data value of type \'2011\'. \\n&gt; &gt; \\t... 37 more \\n&gt; &gt; 18) testUnsupportedSetObjectWithScale_NCLOB(org.apache.derbyTesting.functionTests.tests.jdbc4.SetObjectUnsupportedTest)java.sql.SQLException: An attempt was made to get a data value of type \'VARCHAR\' from a data value of type \'2011\'. \\n&gt; &gt; Caused by: java.sql.SQLException: An attempt was made to get a data value of type \'VARCHAR\' from a data value of type \'2011\'. \\n&gt; &gt; \\t... 36 more \\n&gt; &gt; 19) testUnsupportedSetNull_NCLOB(org.apache.derbyTesting.functionTests.tests.jdbc4.SetObjectUnsupportedTest)java.sql.SQLException: An attempt was made to get a data value of type \'VARCHAR\' from a data value of type \'2011\'. \\n&gt; &gt; Caused by: java.sql.SQLException: An attempt was made to get a data value of type \'VARCHAR\' from a data value of type \'2011\'. \\n&gt; &gt; \\t... 35 more \\n&gt; &gt; 20) testUnsupportedSetNullWithTypeName_NCLOB(org.apache.derbyTesting.functionTests.tests.jdbc4.SetObjectUnsupportedTest)java.sql.SQLException: An attempt was made to get a data value of type \'VARCHAR\' from a data value of type \'2011\'. \\n&gt; &gt; Caused by: java.sql.SQLException: An attempt was made to get a data value of type \'VARCHAR\' from a data value of type \'2011\'. \\n&gt; &gt; \\t... 36 more \\n&gt; &gt; 21) testUnsupportedSetObject_LONGNVARCHAR(org.apache.derbyTesting.functionTests.tests.jdbc4.SetObjectUnsupportedTest)java.sql.SQLException: An attempt was made to get a data value of type \'VARCHAR\' from a data value of type \'-16\'. \\n&gt; &gt; Caused by: java.sql.SQLException: An attempt was made to get a data value of type \'VARCHAR\' from a data value of type \'-16\'. \\n&gt; &gt; \\t... 37 more \\n&gt; &gt; 22) testUnsupportedSetObjectWithScale_LONGNVARCHAR(org.apache.derbyTesting.functionTests.tests.jdbc4.SetObjectUnsupportedTest)java.sql.SQLException: An attempt was made to get a data value of type \'VARCHAR\' from a data value of type \'-16\'. \\n&gt; &gt; Caused by: java.sql.SQLException: An attempt was made to get a data value of type \'VARCHAR\' from a data value of type \'-16\'. \\n&gt; &gt; \\t... 36 more \\n&gt; &gt; 23) testUnsupportedSetNull_LONGNVARCHAR(org.apache.derbyTesting.functionTests.tests.jdbc4.SetObjectUnsupportedTest)java.sql.SQLException: An attempt was made to get a data value of type \'VARCHAR\' from a data value of type \'-16\'. \\n&gt; &gt; Caused by: java.sql.SQLException: An attempt was made to get a data value of type \'VARCHAR\' from a data value of type \'-16\'. \\n&gt; &gt; \\t... 35 more \\n&gt; &gt; 24) testUnsupportedSetNullWithTypeName_LONGNVARCHAR(org.apache.derbyTesting.functionTests.tests.jdbc4.SetObjectUnsupportedTest)java.sql.SQLException: An attempt was made to get a data value of type \'VARCHAR\' from a data value of type \'-16\'. \\n&gt; &gt; Caused by: java.sql.SQLException: An attempt was made to get a data value of type \'VARCHAR\' from a data value of type \'-16\'. \\n&gt; &gt; \\t... 36 more \\n&gt; &gt; There were 4 failures: \\n&gt; &gt; 1) testTypesNCHAR(org.apache.derbyTesting.functionTests.tests.jdbc4.JDBC40TranslationTest)junit.framework.AssertionFailedError: expected:&lt;-15&gt; but was:&lt;-8&gt; \\n&gt; &gt; 2) testTypesLONGNVARCHAR(org.apache.derbyTesting.functionTests.tests.jdbc4.JDBC40TranslationTest)junit.framework.AssertionFailedError: expected:&lt;-16&gt; but was:&lt;-10&gt; \\n&gt; &gt; 3) testTypesNCLOB(org.apache.derbyTesting.functionTests.tests.jdbc4.JDBC40TranslationTest)junit.framework.AssertionFailedError: expected:&lt;2011&gt; but was:&lt;2007&gt; \\n&gt; &gt; 4) testTypesROWID(org.apache.derbyTesting.functionTests.tests.jdbc4.JDBC40TranslationTest)junit.framework.AssertionFailedError: expected:&lt;-8&gt; but was:&lt;2008&gt; \\n&gt; &gt; FAILURES!!! \\n&gt; &gt; Tests run: 2053,  Failures: 4,  Errors: 24 \\nTest Failed. \\n\\t\\t\\t End:   _Suite jdk1.6.0-rc jdbc40:jdbc40 2006-09-04 14:08:18 *** \\n------------------------------------------------------ \\n\\t\\t \\n\\t\\t \\n\\t \\n\\t \\n \\n\\n\\n JDBC40_CLIENT: \\n\\n Generating report for RunSuite jdbc40  null null DerbyNetClient true  \\n------------------ Java Information ------------------ \\nJava Version:    1.6.0-rc \\nJava Vendor:     Sun Microsystems Inc. \\nJava home:       \\/usr\\/local\\/java\\/jdk1.6.0_b98\\/jre \\nJava classpath:  \\/export\\/home\\/tmp\\/ak136785\\/derbyall-20060904-1131-438476-438489M\\/jars\\/derby.jar:\\/export\\/home\\/tmp\\/ak136785\\/derbyall-20060904-1131-438476-438489M\\/jars\\/derbyLocale_de_DE.jar:\\/export\\/home\\/tmp\\/ak136785\\/derbyall-20060904-1131-438476-438489M\\/jars\\/derbyLocale_es.jar:\\/export\\/home\\/tmp\\/ak136785\\/derbyall-20060904-1131-438476-438489M\\/jars\\/derbyLocale_fr.jar:\\/export\\/home\\/tmp\\/ak136785\\/derbyall-20060904-1131-438476-438489M\\/jars\\/derbyLocale_it.jar:\\/export\\/home\\/tmp\\/ak136785\\/derbyall-20060904-1131-438476-438489M\\/jars\\/derbyLocale_ja_JP.jar:\\/export\\/home\\/tmp\\/ak136785\\/derbyall-20060904-1131-438476-438489M\\/jars\\/derbyLocale_ko_KR.jar:\\/export\\/home\\/tmp\\/ak136785\\/derbyall-20060904-1131-438476-438489M\\/jars\\/derbyLocale_pt_BR.jar:\\/export\\/home\\/tmp\\/ak136785\\/derbyall-20060904-1131-438476-438489M\\/jars\\/derbyLocale_zh_CN.jar:\\/export\\/home\\/tmp\\/ak136785\\/derbyall-20060904-1131-438476-438489M\\/jars\\/derbyLocale_zh_TW.jar:\\/export\\/home\\/tmp\\/ak136785\\/derbyall-20060904-1131-438476-438489M\\/jars\\/derbyTesting.jar:\\/expor \\nOS name:         SunOS \\nOS architecture: x86 \\nOS version:      5.10 \\nJava user name:  ak136785 \\nJava user home:  \\/home\\/ak136785 \\nJava user dir:   \\/export\\/home\\/tmp\\/ak136785\\/derbyall-20060904-1131-438476-438489M\\/jdbc40_client \\njava.specification.name: Java Platform API Specification \\njava.specification.version: 1.6 \\n--------- Derby Information -------- \\nJRE - JDBC: Java SE 6 - JDBC 4.0 \\n &#91;\\/export\\/home\\/tmp\\/ak136785\\/derbyall-20060904-1131-438476-438489M\\/jars\\/derby.jar&#93;  10.3.0.0 alpha - (438476:438489M) \\n &#91;\\/export\\/home\\/tmp\\/ak136785\\/derbyall-20060904-1131-438476-438489M\\/jars\\/derbytools.jar&#93;  10.3.0.0 alpha - (438476:438489M) \\n &#91;\\/export\\/home\\/tmp\\/ak136785\\/derbyall-20060904-1131-438476-438489M\\/jars\\/derbynet.jar&#93;  10.3.0.0 alpha - (438476:438489M) \\n &#91;\\/export\\/home\\/tmp\\/ak136785\\/derbyall-20060904-1131-438476-438489M\\/jars\\/derbyclient.jar&#93;  10.3.0.0 alpha - (438476:438489M) \\n &#91;\\/export\\/home\\/tmp\\/ak136785\\/derbyall-20060904-1131-438476-438489M\\/jars\\/jcc\\/db2jcc.jar&#93;  2.4 - (17) \\n &#91;\\/export\\/home\\/tmp\\/ak136785\\/derbyall-20060904-1131-438476-438489M\\/jars\\/jcc\\/db2jcc_license_c.jar&#93;  2.4 - (17) \\n------------------------------------------------------ \\n----------------- Locale Information ----------------- \\nCurrent Locale :  [English\\/United States  &#91;en_US&#93; ] \\nFound support for locale:  &#91;de_DE&#93;  \\n\\t version: 10.3.0.0 alpha - (438476:438489M) \\nFound support for locale:  &#91;es&#93;  \\n\\t version: 10.3.0.0 alpha - (438476:438489M) \\nFound support for locale:  &#91;fr&#93;  \\n\\t version: 10.3.0.0 alpha - (438476:438489M) \\nFound support for locale:  &#91;it&#93;  \\n\\t version: 10.3.0.0 alpha - (438476:438489M) \\nFound support for locale:  &#91;ja_JP&#93;  \\n\\t version: 10.3.0.0 alpha - (438476:438489M) \\nFound support for locale:  &#91;ko_KR&#93;  \\n\\t version: 10.3.0.0 alpha - (438476:438489M) \\nFound support for locale:  &#91;pt_BR&#93;  \\n\\t version: 10.3.0.0 alpha - (438476:438489M) \\nFound support for locale:  &#91;zh_CN&#93;  \\n\\t version: 10.3.0.0 alpha - (438476:438489M) \\nFound support for locale:  &#91;zh_TW&#93;  \\n\\t version: 10.3.0.0 alpha - (438476:438489M) \\n------------------------------------------------------ \\nFramework: DerbyNetClient \\nTest environment information: \\nCOMMAND LINE STYLE: jdk13 \\nTEST CANONS: master \\n------------------------------------------------------ \\n------------------------------------------------------ \\nSummary results: \\n\\n Test Run Started: 2006-09-04 14:08:19.0 \\nTest Run Duration: 00:01:28 \\n\\n 8 Tests Run \\n87% Pass (7 tests passed) \\n13% Fail (1 tests failed) \\n0 Suites skipped \\n------------------------------------------------------ \\nFailed tests in: jdbc40_fail.txt \\n------------------------------------------------------ \\nPassed tests in: jdbc40_pass.txt \\n------------------------------------------------------ \\nSystem properties in: jdbc40_prop.txt \\n------------------------------------------------------ \\n------------------------------------------------------ \\nFailure Details: \\n \\n\\t \\n\\t \\n\\t\\t \\n\\t\\t \\n\\t\\t\\t \\n\\t\\t\\t \\n\\t\\t\\t\\t \\n\\t\\t\\t\\t \\n\\t\\t\\t\\t\\t \\n\\t\\t\\t\\t\\t \\n\\t\\t\\t\\t\\t\\t \\n\\t\\t\\t\\t\\t\\t \\n\\t\\t\\t\\t\\t\\t\\t \\n\\t\\t\\t\\t\\t\\t\\t \\n\\t\\t\\t\\t\\t\\t\\t\\t \\n\\t\\t\\t\\t\\t\\t\\t\\t \\n\\t\\t\\t\\t\\t\\t\\t\\t\\t Diff file jdbc40\\/DerbyNetClient\\/jdbc40\\/TestDbMetaData.diff \\n\\t\\t\\t\\t\\t\\t\\t\\t \\n\\t\\t\\t\\t\\t\\t\\t\\t \\n\\t\\t\\t\\t\\t\\t\\t \\n\\t\\t\\t\\t\\t\\t\\t \\n\\t\\t\\t\\t\\t\\t \\n\\t\\t\\t\\t\\t\\t \\n\\t\\t\\t\\t\\t \\n\\t\\t\\t\\t\\t \\n\\t\\t\\t\\t \\n\\t\\t\\t\\t \\n\\t\\t\\t \\n\\t\\t\\t \\n\\t\\t\\t Start: TestDbMetaData jdk1.6.0-rc DerbyNetClient jdbc40:jdbc40 2006-09-04 14:08:30 *** \\nTest skipped: listed in DerbyNetClient.exclude file, skipping test: jdbc4\\/TestDbMetaData.java \\n\\t\\t\\t End:   TestDbMetaData jdk1.6.0-rc DerbyNetClient jdbc40:jdbc40 2006-09-04 14:08:30 ***\\n\\t\\t\\t \\n\\t\\t\\t\\t \\n\\t\\t\\t\\t \\n\\t\\t\\t\\t\\t \\n\\t\\t\\t\\t\\t \\n\\t\\t\\t\\t\\t\\t \\n\\t\\t\\t\\t\\t\\t \\n\\t\\t\\t\\t\\t\\t\\t \\n\\t\\t\\t\\t\\t\\t\\t \\n\\t\\t\\t\\t\\t\\t\\t\\t \\n\\t\\t\\t\\t\\t\\t\\t\\t \\n\\t\\t\\t\\t\\t\\t\\t\\t\\t Diff file jdbc40\\/DerbyNetClient\\/jdbc40\\/_Suite.diff \\n\\t\\t\\t\\t\\t\\t\\t\\t \\n\\t\\t\\t\\t\\t\\t\\t\\t \\n\\t\\t\\t\\t\\t\\t\\t \\n\\t\\t\\t\\t\\t\\t\\t \\n\\t\\t\\t\\t\\t\\t \\n\\t\\t\\t\\t\\t\\t \\n\\t\\t\\t\\t\\t \\n\\t\\t\\t\\t\\t \\n\\t\\t\\t\\t \\n\\t\\t\\t\\t \\n\\t\\t\\t \\n\\t\\t\\t \\n\\t\\t\\t Start: _Suite jdk1.6.0-rc DerbyNetClient jdbc40:jdbc40 2006-09-04 14:09:28 *** \\n0 add \\n&gt; &gt; .......F.F.F.F.F.F.F.F.....F.F.F.F................... \\n&gt; &gt; ............................F..F.F.F......... \\n&gt; &gt; ......F.F.F.F.F.F.F.F.....F.F.F.F.................... \\n&gt; &gt; There were 28 failures: \\n&gt; &gt; 1) testUnsupportedSetObject_NCHAR(org.apache.derbyTesting.functionTests.tests.jdbc4.SetObjectUnsupportedTest)junit.framework.AssertionFailedError: No exception thrown. \\n&gt; &gt; 2) testUnsupportedSetObjectWithScale_NCHAR(org.apache.derbyTesting.functionTests.tests.jdbc4.SetObjectUnsupportedTest)junit.framework.AssertionFailedError: No exception thrown. \\n&gt; &gt; 3) testUnsupportedSetNull_NCHAR(org.apache.derbyTesting.functionTests.tests.jdbc4.SetObjectUnsupportedTest)junit.framework.AssertionFailedError: No exception thrown. \\n&gt; &gt; 4) testUnsupportedSetNullWithTypeName_NCHAR(org.apache.derbyTesting.functionTests.tests.jdbc4.SetObjectUnsupportedTest)junit.framework.AssertionFailedError: No exception thrown. \\n&gt; &gt; 5) testUnsupportedSetObject_NCLOB(org.apache.derbyTesting.functionTests.tests.jdbc4.SetObjectUnsupportedTest)junit.framework.AssertionFailedError: No exception thrown. \\n&gt; &gt; 6) testUnsupportedSetObjectWithScale_NCLOB(org.apache.derbyTesting.functionTests.tests.jdbc4.SetObjectUnsupportedTest)junit.framework.AssertionFailedError: No exception thrown. \\n&gt; &gt; 7) testUnsupportedSetNull_NCLOB(org.apache.derbyTesting.functionTests.tests.jdbc4.SetObjectUnsupportedTest)junit.framework.AssertionFailedError: No exception thrown. \\n&gt; &gt; 8) testUnsupportedSetNullWithTypeName_NCLOB(org.apache.derbyTesting.functionTests.tests.jdbc4.SetObjectUnsupportedTest)junit.framework.AssertionFailedError: No exception thrown. \\n&gt; &gt; 9) testUnsupportedSetObject_LONGNVARCHAR(org.apache.derbyTesting.functionTests.tests.jdbc4.SetObjectUnsupportedTest)junit.framework.AssertionFailedError: No exception thrown. \\n&gt; &gt; 10) testUnsupportedSetObjectWithScale_LONGNVARCHAR(org.apache.derbyTesting.functionTests.tests.jdbc4.SetObjectUnsupportedTest)junit.framework.AssertionFailedError: No exception thrown. \\n&gt; &gt; 11) testUnsupportedSetNull_LONGNVARCHAR(org.apache.derbyTesting.functionTests.tests.jdbc4.SetObjectUnsupportedTest)junit.framework.AssertionFailedError: No exception thrown. \\n&gt; &gt; 12) testUnsupportedSetNullWithTypeName_LONGNVARCHAR(org.apache.derbyTesting.functionTests.tests.jdbc4.SetObjectUnsupportedTest)junit.framework.AssertionFailedError: No exception thrown. \\n&gt; &gt; 13) testTypesNCHAR(org.apache.derbyTesting.functionTests.tests.jdbc4.JDBC40TranslationTest)junit.framework.AssertionFailedError: expected:&lt;-15&gt; but was:&lt;-8&gt; \\n&gt; &gt; 14) testTypesLONGNVARCHAR(org.apache.derbyTesting.functionTests.tests.jdbc4.JDBC40TranslationTest)junit.framework.AssertionFailedError: expected:&lt;-16&gt; but was:&lt;-10&gt; \\n&gt; &gt; 15) testTypesNCLOB(org.apache.derbyTesting.functionTests.tests.jdbc4.JDBC40TranslationTest)junit.framework.AssertionFailedError: expected:&lt;2011&gt; but was:&lt;2007&gt; \\n&gt; &gt; 16) testTypesROWID(org.apache.derbyTesting.functionTests.tests.jdbc4.JDBC40TranslationTest)junit.framework.AssertionFailedError: expected:&lt;-8&gt; but was:&lt;2008&gt; \\n&gt; &gt; 17) testUnsupportedSetObject_NCHAR(org.apache.derbyTesting.functionTests.tests.jdbc4.SetObjectUnsupportedTest)junit.framework.AssertionFailedError: No exception thrown. \\n&gt; &gt; 18) testUnsupportedSetObjectWithScale_NCHAR(org.apache.derbyTesting.functionTests.tests.jdbc4.SetObjectUnsupportedTest)junit.framework.AssertionFailedError: No exception thrown. \\n&gt; &gt; 19) testUnsupportedSetNull_NCHAR(org.apache.derbyTesting.functionTests.tests.jdbc4.SetObjectUnsupportedTest)junit.framework.AssertionFailedError: No exception thrown. \\n&gt; &gt; 20) testUnsupportedSetNullWithTypeName_NCHAR(org.apache.derbyTesting.functionTests.tests.jdbc4.SetObjectUnsupportedTest)junit.framework.AssertionFailedError: No exception thrown. \\n&gt; &gt; 21) testUnsupportedSetObject_NCLOB(org.apache.derbyTesting.functionTests.tests.jdbc4.SetObjectUnsupportedTest)junit.framework.AssertionFailedError: No exception thrown. \\n&gt; &gt; 22) testUnsupportedSetObjectWithScale_NCLOB(org.apache.derbyTesting.functionTests.tests.jdbc4.SetObjectUnsupportedTest)junit.framework.AssertionFailedError: No exception thrown. \\n&gt; &gt; 23) testUnsupportedSetNull_NCLOB(org.apache.derbyTesting.functionTests.tests.jdbc4.SetObjectUnsupportedTest)junit.framework.AssertionFailedError: No exception thrown. \\n&gt; &gt; 24) testUnsupportedSetNullWithTypeName_NCLOB(org.apache.derbyTesting.functionTests.tests.jdbc4.SetObjectUnsupportedTest)junit.framework.AssertionFailedError: No exception thrown. \\n&gt; &gt; 25) testUnsupportedSetObject_LONGNVARCHAR(org.apache.derbyTesting.functionTests.tests.jdbc4.SetObjectUnsupportedTest)junit.framework.AssertionFailedError: No exception thrown. \\n&gt; &gt; 26) testUnsupportedSetObjectWithScale_LONGNVARCHAR(org.apache.derbyTesting.functionTests.tests.jdbc4.SetObjectUnsupportedTest)junit.framework.AssertionFailedError: No exception thrown. \\n&gt; &gt; 27) testUnsupportedSetNull_LONGNVARCHAR(org.apache.derbyTesting.functionTests.tests.jdbc4.SetObjectUnsupportedTest)junit.framework.AssertionFailedError: No exception thrown. \\n&gt; &gt; 28) testUnsupportedSetNullWithTypeName_LONGNVARCHAR(org.apache.derbyTesting.functionTests.tests.jdbc4.SetObjectUnsupportedTest)junit.framework.AssertionFailedError: No exception thrown. \\n&gt; &gt; FAILURES!!! \\n&gt; &gt; Tests run: 2048,  Failures: 28,  Errors: 0 \\nTest Failed. \\n\\t\\t\\t End:   _Suite jdk1.6.0-rc DerbyNetClient jdbc40:jdbc40 2006-09-04 14:09:47 ***\\n\\t\\t\\t \\n\\t\\t\\t\\t \\n\\t\\t\\t\\t \\n\\t\\t\\t\\t\\t \\n\\t\\t\\t\\t\\t \\n\\t\\t\\t\\t\\t\\t \\n\\t\\t\\t\\t\\t\\t \\n\\t\\t\\t\\t\\t\\t\\t \\n\\t\\t\\t\\t\\t\\t\\t \\n\\t\\t\\t\\t\\t\\t\\t\\t \\n\\t\\t\\t\\t\\t\\t\\t\\t \\n\\t\\t\\t\\t\\t\\t\\t\\t\\t Diff file jdbc40\\/DerbyNetClient\\/jdbc40\\/TestJDBC40Exception.diff \\n\\t\\t\\t\\t\\t\\t\\t\\t \\n\\t\\t\\t\\t\\t\\t\\t\\t \\n\\t\\t\\t\\t\\t\\t\\t \\n\\t\\t\\t\\t\\t\\t\\t \\n\\t\\t\\t\\t\\t\\t \\n\\t\\t\\t\\t\\t\\t \\n\\t\\t\\t\\t\\t \\n\\t\\t\\t\\t\\t \\n\\t\\t\\t\\t \\n\\t\\t\\t\\t \\n\\t\\t\\t \\n\\t\\t\\t \\n\\t\\t\\t Start: TestJDBC40Exception jdk1.6.0-rc DerbyNetClient jdbc40:jdbc40 2006-09-04 14:08:31 *** \\nTest skipped: listed in DerbyNetClient.exclude file, skipping test: jdbc4\\/TestJDBC40Exception.java \\n\\t\\t\\t End:   TestJDBC40Exception jdk1.6.0-rc DerbyNetClient jdbc40:jdbc40 2006-09-04 14:08:31 *** \\n\\t\\t \\n\\t\\t \\n\\t \\n\\t \\n \\n             \u003c\\/div\u003e\\n        \u003c\\/div\u003e\\n    \u003c\\/div\u003e\\n\u003c\\/div\u003e\\n                             \\n\\n\\n\u003cdiv id=\\\"comment-12432509\\\" class=\\\"issue-data-block activity-comment twixi-block  expanded\\\"\u003e\\n    \u003cdiv class=\\\"twixi-wrap verbose actionContainer\\\"\u003e\\n        \u003cdiv class=\\\"action-head\\\"\u003e\\n            \u003ca href=\\\"#\\\" title=\\\"Collapse comment\\\" class=\\\"twixi\\\"\u003e\u003cspan class=\\\"icon-default aui-icon aui-icon-small aui-iconfont-expanded\\\"\u003e\u003cspan\u003eHide\u003c\\/span\u003e\u003c\\/span\u003e\u003c\\/a\u003e\\n            \u003cdiv class=\\\"action-links\\\"\u003e\\n                \u003ca href=\\\"\\/jira\\/browse\\/DERBY-1800?focusedCommentId=12432509&page=com.atlassian.jira.plugin.system.issuetabpanels:comment-tabpanel#comment-12432509\\\"\\n                   title=\\\"Right click and copy link for a permanent link to this comment.\\\" class=\\\"activitymodule-link issue-comment-action\\\"\u003e\\n                    \u003cspan class=\\\"icon-default aui-icon aui-icon-small aui-iconfont-link\\\"\u003ePermalink\u003c\\/span\u003e\u003c\\/a\u003e\\n                                            \u003c\\/div\u003e\\n            \u003cdiv class=\\\"action-details\\\"\u003e        \\n    \\n    \\n    \\n                \\n\\n    \u003ca class=\\\"user-hover user-avatar\\\" rel=\\\"andreask\\\" id=\\\"commentauthor_12432509_verbose\\\" href=\\\"\\/jira\\/secure\\/ViewProfile.jspa?name=andreask\\\"\u003e\u003cspan class=\\\"aui-avatar aui-avatar-xsmall\\\"\u003e\u003cspan class=\\\"aui-avatar-inner\\\"\u003e\u003cimg src=\\\"https:\\/\\/issues.apache.org\\/jira\\/secure\\/useravatar?size=xsmall&amp;avatarId=10452\\\" alt=\\\"andreask\\\" \\/\u003e\u003c\\/span\u003e\u003c\\/span\u003e Andreas Korneliussen\u003c\\/a\u003e\\n added a comment  - \u003cspan class=\'commentdate_12432509_verbose subText\'\u003e\u003cspan class=\'date user-tz\' title=\'04\\/Sep\\/06 13:02\'\u003e\u003ctime class=\'livestamp\' datetime=\'2006-09-04T13:02:58+0000\'\u003e04\\/Sep\\/06 13:02\u003c\\/time\u003e\u003c\\/span\u003e\u003c\\/span\u003e  \u003c\\/div\u003e\\n        \u003c\\/div\u003e\\n        \u003cdiv class=\\\"action-body flooded\\\"\u003e\u003cp\u003eCommitted revision 440062.\u003c\\/p\u003e \u003c\\/div\u003e\\n    \u003c\\/div\u003e\\n    \u003cdiv class=\\\"twixi-wrap concise actionContainer\\\"\u003e\\n        \u003cdiv class=\\\"action-head\\\"\u003e\\n            \u003ca href=\\\"#\\\" title=\\\"Expand comment\\\" class=\\\"twixi\\\"\u003e\u003cspan class=\\\"icon-default aui-icon aui-icon-small aui-iconfont-collapsed\\\"\u003e\u003cspan\u003eShow\u003c\\/span\u003e\u003c\\/span\u003e\u003c\\/a\u003e\\n            \u003cdiv class=\\\"action-details flooded\\\"\u003e\\n                        \\n    \\n    \\n    \\n                \\n\\n    \u003ca class=\\\"user-hover user-avatar\\\" rel=\\\"andreask\\\" id=\\\"commentauthor_12432509_concise\\\" href=\\\"\\/jira\\/secure\\/ViewProfile.jspa?name=andreask\\\"\u003e\u003cspan class=\\\"aui-avatar aui-avatar-xsmall\\\"\u003e\u003cspan class=\\\"aui-avatar-inner\\\"\u003e\u003cimg src=\\\"https:\\/\\/issues.apache.org\\/jira\\/secure\\/useravatar?size=xsmall&amp;avatarId=10452\\\" alt=\\\"andreask\\\" \\/\u003e\u003c\\/span\u003e\u003c\\/span\u003e Andreas Korneliussen\u003c\\/a\u003e\\n added a comment  - \u003cspan class=\'commentdate_12432509_concise subText\'\u003e\u003cspan class=\'date user-tz\' title=\'04\\/Sep\\/06 13:02\'\u003e\u003ctime class=\'livestamp\' datetime=\'2006-09-04T13:02:58+0000\'\u003e04\\/Sep\\/06 13:02\u003c\\/time\u003e\u003c\\/span\u003e\u003c\\/span\u003e                    Committed revision 440062.              \u003c\\/div\u003e\\n        \u003c\\/div\u003e\\n    \u003c\\/div\u003e\\n\u003c\\/div\u003e\\n                             \u003c\\/div\u003e\\n    \u003c\\/div\u003e\\n\"";
if(window.WRM._dataArrived)window.WRM._dataArrived();</script> 
  <script>
window.WRM=window.WRM||{};window.WRM._unparsedData=window.WRM._unparsedData||{};window.WRM._unparsedErrors=window.WRM._unparsedErrors||{};
WRM._unparsedData["scope-filter-data"]="{\"createScopeActions\":[],\"scopes\":[]}";
WRM._unparsedData["sidebar-collapsed-by-default"]="true";
WRM._unparsedData["com.atlassian.jira.projects.shortcuts:can-manage"]="false";
WRM._unparsedData["com.atlassian.jira.projects.shortcuts:with-icons"]="false";
WRM._unparsedData["com.atlassian.jira.projects.shortcuts:shortcuts"]="[]";
WRM._unparsedData["com.atlassian.jira.projects.shortcuts:project-id"]="10594";
WRM._unparsedData["sidebar-id"]="\"\u003cdiv class=\\\"aui-sidebar  projects-sidebar sidebar-pending\\\" \u003e\u003cdiv class=\\\"aui-sidebar-wrapper\\\"\u003e\u003cdiv class=\\\"aui-sidebar-body\\\"\u003e\u003cheader class=\\\"aui-page-header\\\"\u003e\u003cdiv class=\\\"aui-page-header-inner\\\"\u003e\u003cdiv class=\\\"aui-page-header-image\\\"\u003e\u003ca href=\\\"\\/jira\\/projects\\/DERBY\\/summary\\\" title=\\\"Derby\\\" class=\\\"jira-project-avatar\\\"\u003e\u003cspan class=\\\"aui-avatar aui-avatar-large aui-avatar-project\\\"\u003e\u003cspan class=\\\"aui-avatar-inner\\\"\u003e\u003cimg src=\\\"\\/jira\\/secure\\/projectavatar?pid=10594&amp;avatarId=10122\\\" alt=\\\"Derby\\\" \\/\u003e\u003c\\/span\u003e\u003c\\/span\u003e\u003cimg src=\\\"data:image\\/svg+xml;base64,PD94bWwgdmVyc2lvbj0iMS4wIiBlbmNvZGluZz0iaXNvLTg4NTktMSI\\/Pg0KPCEtLSBHZW5lcmF0b3I6IEFkb2JlIElsbHVzdHJhdG9yIDE4LjEuMSwgU1ZHIEV4cG9ydCBQbHVnLUluIC4gU1ZHIFZlcnNpb246IDYuMDAgQnVpbGQgMCkgIC0tPg0KPHN2ZyB2ZXJzaW9uPSIxLjEiIGlkPSJMYXllcl8xIiB4bWxucz0iaHR0cDovL3d3dy53My5vcmcvMjAwMC9zdmciIHhtbG5zOnhsaW5rPSJodHRwOi8vd3d3LnczLm9yZy8xOTk5L3hsaW5rIiB4PSIwcHgiIHk9IjBweCINCgkgdmlld0JveD0iMCAwIDMwMCAzMDAiIHN0eWxlPSJlbmFibGUtYmFja2dyb3VuZDpuZXcgMCAwIDMwMCAzMDA7IiB4bWw6c3BhY2U9InByZXNlcnZlIj4NCjxnIGlkPSJMYXllcl8yIj4NCgk8cGF0aCBzdHlsZT0iZmlsbDojRjc5MjMyOyIgZD0iTTE1MCwwQzY2LjY2NywwLDAsNjYuNjY3LDAsMTUwczY2LjY2NywxNTAsMTUwLDE1MHMxNTAtNjYuNjY3LDE1MC0xNTBTMjMzLjMzMywwLDE1MCwweg0KCQkgTTEzNi42NjcsMTc4LjMzM0wxMjUsMTkwbC00MS42NjctNDBMOTUsMTM4LjMzM2wzMC0zMEwxMzYuNjY3LDEyMGwtMzAsMzBMMTM2LjY2NywxNzguMzMzeiBNMjA1LDE2MS42NjdsLTMwLDMwTDE2My4zMzMsMTgwDQoJCWwzMC0zMGwtMzAtMzBMMTc1LDEwOC4zMzNMMjE2LjY2NywxNTBMMjA1LDE2MS42Njd6Ii8+DQo8L2c+DQo8Zz4NCgk8cG9seWdvbiBzdHlsZT0iZmlsbDojRkZGRkZGOyIgcG9pbnRzPSIxNzUsMTkxLjY2NyAyMDUsMTYxLjY2NyAyMTYuNjY3LDE1MCAxNzUsMTA4LjMzMyAxNjMuMzMzLDEyMCAxOTMuMzMzLDE1MCAxNjMuMzMzLDE4MCAJIi8+DQoJPHBvbHlnb24gc3R5bGU9ImZpbGw6I0ZGRkZGRjsiIHBvaW50cz0iMTI1LDEwOC4zMzMgOTUsMTM4LjMzMyA4My4zMzMsMTUwIDEyNSwxOTAgMTM2LjY2NywxNzguMzMzIDEwNi42NjcsMTUwIDEzNi42NjcsMTIwIAkiLz4NCjwvZz4NCjwvc3ZnPg0K\\\" alt=\\\"Icon indicating the project type\\\" class=\\\"jira-project-avatar-icon\\\" \\/\u003e\u003c\\/a\u003e\u003c\\/div\u003e\u003c!-- .aui-page-header-image --\u003e\u003cdiv class=\\\"aui-page-header-main\\\"\u003e\u003ch1\u003e\u003cdiv class=\\\"aui-group aui-group-split\\\"\u003e\u003cdiv class=\\\"aui-item project-title\\\"\u003e\u003ca href=\\\"\\/jira\\/projects\\/DERBY\\/summary\\\" title=\\\"Derby\\\"\u003eDerby\u003c\\/a\u003e\u003c\\/div\u003e\u003c\\/div\u003e\u003c\\/h1\u003e\u003c\\/div\u003e\u003c!-- .aui-page-header-main --\u003e\u003c\\/div\u003e\u003c!-- .aui-page-header-inner --\u003e\u003c\\/header\u003e\u003c!-- .aui-page-header --\u003e\u003cnav class=\\\"aui-navgroup aui-navgroup-vertical\\\"\u003e\u003cdiv class=\\\"aui-navgroup-inner sidebar-content-container\\\"\u003e\u003cdiv class=\\\"aui-sidebar-group aui-sidebar-group-tier-one\\\" data-id=\\\"sidebar-navigation-panel\\\"\u003e\u003cul class=\\\"aui-nav\\\"\u003e\u003cli class=\\\"aui-nav-selected\\\" \u003e\u003ca class=\\\"aui-nav-item \\\" href=\\\"\\/jira\\/projects\\/DERBY\\/issues\\\" data-link-id=\\\"com.atlassian.jira.jira-projects-issue-navigator:sidebar-issue-navigator\\\" \u003e\u003cspan class=\\\"aui-icon aui-icon-large icon-sidebar-issues\\\"\u003e\u003c\\/span\u003e\u003cspan class=\\\"aui-nav-item-label\\\" title=\\\"Issues\\\"\u003eIssues\u003c\\/span\u003e\u003c\\/a\u003e\u003c\\/li\u003e\u003cli  \u003e\u003ca class=\\\"aui-nav-item \\\" href=\\\"\\/jira\\/projects\\/DERBY?selectedItem=com.atlassian.jira.jira-projects-plugin:report-page\\\" data-link-id=\\\"com.atlassian.jira.jira-projects-plugin:report-page\\\" \u003e\u003cspan class=\\\"aui-icon aui-icon-large agile-icon-report\\\"\u003e\u003c\\/span\u003e\u003cspan class=\\\"aui-nav-item-label\\\" title=\\\"Reports\\\"\u003eReports\u003c\\/span\u003e\u003c\\/a\u003e\u003c\\/li\u003e\u003cli  \u003e\u003ca class=\\\"aui-nav-item \\\" href=\\\"\\/jira\\/projects\\/DERBY?selectedItem=com.atlassian.jira.jira-projects-plugin:components-page\\\" data-link-id=\\\"com.atlassian.jira.jira-projects-plugin:components-page\\\" \u003e\u003cspan class=\\\"aui-icon aui-icon-large icon-sidebar-components\\\"\u003e\u003c\\/span\u003e\u003cspan class=\\\"aui-nav-item-label\\\" title=\\\"Components\\\"\u003eComponents\u003c\\/span\u003e\u003c\\/a\u003e\u003c\\/li\u003e\u003c\\/ul\u003e\u003c\\/div\u003e\u003c\\/div\u003e\u003c\\/nav\u003e\u003c\\/div\u003e\u003cdiv class=\\\"aui-sidebar-footer\\\"\u003e\u003ca class=\\\"aui-button aui-button-subtle aui-sidebar-toggle aui-sidebar-footer-tipsy\\\" data-tooltip=\\\"Expand sidebar ( [ )\\\" href=\\\"#\\\"\u003e\u003cspan class=\\\"aui-icon aui-icon-small\\\"\u003e\u003c\\/span\u003e\u003c\\/a\u003e\u003c\\/div\u003e\u003c\\/div\u003e\u003c\\/div\u003e\"";
if(window.WRM._dataArrived)window.WRM._dataArrived();</script> 
  <script type="text/javascript" src="/jira/s/d41d8cd98f00b204e9800998ecf8427e-CDN/3pgavk/76005/1c78b578e5c0e813799ab2baea47b6f7/1.0/_/download/batch/jira.webresources:bigpipe-init/jira.webresources:bigpipe-init.js" data-wrm-key="jira.webresources:bigpipe-init" data-wrm-batch-type="resource" data-initially-rendered></script> 
  <form id="jira_request_timing_info" class="dont-default-focus"> 
   <fieldset class="parameters hidden"> 
    <input type="hidden" title="jira.request.start.millis" value="1520238523105"> 
    <input type="hidden" title="jira.request.server.time" value="290"> 
    <input type="hidden" title="jira.request.id" value="508x94360489x3"> 
    <input type="hidden" title="jira.session.expiry.time" value="-"> 
    <input type="hidden" title="jira.session.expiry.in.mins" value="-"> 
    <input id="jiraConcurrentRequests" type="hidden" name="jira.request.concurrent.requests" value="1"> 
    <input type="hidden" title="db.reads.time.in.ms" value="19"> 
    <input type="hidden" title="db.conns.time.in.ms" value="25"> 
   </fieldset> 
  </form> 
  <!--
	                 REQUEST ID : 508x94360489x3
	          REQUEST TIMESTAMP : [05/Mar/2018:08:28:43 +0000]
	               REQUEST TIME : 0.2900
	                 ASESSIONID : -
	        CONCURRENT REQUESTS : 1

	                      db.reads : OpSnapshot{name='db.reads', invocationCount=20, elapsedTotal=19801769, elapsedMin=419791, elapsedMax=7634108, resultSetSize=0, cpuTotal=0, cpuMin=0, cpuMax=0}
	                      db.conns : OpSnapshot{name='db.conns', invocationCount=24, elapsedTotal=25477300, elapsedMin=401824, elapsedMax=7678226, resultSetSize=0, cpuTotal=0, cpuMin=0, cpuMax=0}
-->   
 </body>
</html>